#
# There is insufficient memory for the Java Runtime Environment to continue.
# Native memory allocation (mmap) failed to map 130023424 bytes for G1 virtual space
# Possible reasons:
#   The system is out of physical RAM or swap space
#   The process is running with CompressedOops enabled, and the Java Heap may be blocking the growth of the native heap
# Possible solutions:
#   Reduce memory load on the system
#   Increase physical memory or swap space
#   Check if swap backing store is full
#   Decrease Java heap size (-Xmx/-Xms)
#   Decrease number of Java threads
#   Decrease Java thread stack sizes (-Xss)
#   Set larger code cache with -XX:ReservedCodeCacheSize=
#   JVM is running with Unscaled Compressed Oops mode in which the Java heap is
#     placed in the first 4GB address space. The Java Heap base address is the
#     maximum limit for the native heap growth. Please use -XX:HeapBaseMinAddress
#     to set the Java Heap base and to place the Java Heap above 4GB virtual address.
# This output file may be truncated or incomplete.
#
#  Out of Memory Error (os_windows.cpp:3541), pid=12136, tid=18300
#
# JRE version:  (17.0.4.1+1) (build )
# Java VM: OpenJDK 64-Bit Server VM (17.0.4.1+1, mixed mode, sharing, tiered, compressed oops, compressed class ptrs, g1 gc, windows-amd64)
# No core dump will be written. Minidumps are not enabled by default on client versions of Windows
#

---------------  S U M M A R Y ------------

Command Line: --module-path=F:\Programs\javafx-sdk-21.0.1\lib --add-modules=javafx.graphics,javafx.fxml,javafx.controls -Dfile.encoding=UTF-8 -Dstdout.encoding=UTF-8 -Dstderr.encoding=UTF-8 -XX:+ShowCodeDetailsInExceptionMessages hust.soict.globalict.javafx.Painter

Host: 11th Gen Intel(R) Core(TM) i5-1135G7 @ 2.40GHz, 8 cores, 7G,  Windows 10 , 64 bit Build 19041 (10.0.19041.3636)
Time: Sun Dec 24 16:42:53 2023 SE Asia Standard Time elapsed time: 0.016864 seconds (0d 0h 0m 0s)

---------------  T H R E A D  ---------------

Current thread (0x000002a83984fd70):  JavaThread "Unknown thread" [_thread_in_vm, id=18300, stack(0x000000dae0500000,0x000000dae0600000)]

Stack: [0x000000dae0500000,0x000000dae0600000]
Native frames: (J=compiled Java code, j=interpreted, Vv=VM code, C=native code)
V  [jvm.dll+0x67731a]
V  [jvm.dll+0x832284]
V  [jvm.dll+0x833a2e]
V  [jvm.dll+0x834093]
V  [jvm.dll+0x245775]
V  [jvm.dll+0x674209]
V  [jvm.dll+0x668a92]
V  [jvm.dll+0x30471b]
V  [jvm.dll+0x30bc66]
V  [jvm.dll+0x35ba9e]
V  [jvm.dll+0x35bccf]
V  [jvm.dll+0x2db5b8]
V  [jvm.dll+0x2dc524]
V  [jvm.dll+0x803db1]
V  [jvm.dll+0x3698f1]
V  [jvm.dll+0x7e31bc]
V  [jvm.dll+0x3ec25f]
V  [jvm.dll+0x3edde1]
C  [jli.dll+0x5277]
C  [ucrtbase.dll+0x21bb2]
C  [KERNEL32.DLL+0x17344]
C  [ntdll.dll+0x526b1]


---------------  P R O C E S S  ---------------

Threads class SMR info:
_java_thread_list=0x00007ffe49f64e98, length=0, elements={
}

Java Threads: ( => current thread )

Other Threads:
  0x000002a8398ab8f0 GCTaskThread "GC Thread#0" [stack: 0x000000dae0600000,0x000000dae0700000] [id=18156]
  0x000002a8398bbeb0 ConcurrentGCThread "G1 Main Marker" [stack: 0x000000dae0700000,0x000000dae0800000] [id=13408]
  0x000002a8398bd7d0 ConcurrentGCThread "G1 Conc#0" [stack: 0x000000dae0800000,0x000000dae0900000] [id=13128]

[error occurred during error reporting (printing all threads), id 0xc0000005, EXCEPTION_ACCESS_VIOLATION (0xc0000005) at pc=0x00007ffe4973c047]

VM state: not at safepoint (not fully initialized)

VM Mutex/Monitor currently owned by a thread:  ([mutex/lock_event])
[0x000002a83984a580] Heap_lock - owner thread: 0x000002a83984fd70

Heap address: 0x0000000084400000, size: 1980 MB, Compressed Oops mode: 32-bit

CDS archive(s) mapped at: [0x0000000000000000-0x0000000000000000-0x0000000000000000), size 0, SharedBaseAddress: 0x0000000800000000, ArchiveRelocationMode: 0.
Narrow klass base: 0x0000000000000000, Narrow klass shift: 0, Narrow klass range: 0x0

GC Precious Log:
<Empty>

Heap:
 garbage-first heap   total 0K, used 0K [0x0000000084400000, 0x0000000100000000)
  region size 1024K, 0 young (0K), 0 survivors (0K)

[error occurred during error reporting (printing heap information), id 0xc0000005, EXCEPTION_ACCESS_VIOLATION (0xc0000005) at pc=0x00007ffe49b20699]

GC Heap History (0 events):
No events

Deoptimization events (0 events):
No events

Classes unloaded (0 events):
No events

Classes redefined (0 events):
No events

Internal exceptions (0 events):
No events

VM Operations (0 events):
No events

Events (1 events):
Event: 0.010 Loaded shared library F:\Programs\eclipse\plugins\org.eclipse.justj.openjdk.hotspot.jre.full.win32.x86_64_17.0.4.v20220903-1038\jre\bin\java.dll


Dynamic libraries:
0x00007ff7f5670000 - 0x00007ff7f567e000 	F:\Programs\eclipse\plugins\org.eclipse.justj.openjdk.hotspot.jre.full.win32.x86_64_17.0.4.v20220903-1038\jre\bin\javaw.exe
0x00007ffea0b70000 - 0x00007ffea0d68000 	C:\Windows\SYSTEM32\ntdll.dll
0x00007ffea09f0000 - 0x00007ffea0aad000 	C:\Windows\System32\KERNEL32.DLL
0x00007ffe9e650000 - 0x00007ffe9e946000 	C:\Windows\System32\KERNELBASE.dll
0x00007ffe9e550000 - 0x00007ffe9e650000 	C:\Windows\System32\ucrtbase.dll
0x00007ffe988e0000 - 0x00007ffe988f8000 	F:\Programs\eclipse\plugins\org.eclipse.justj.openjdk.hotspot.jre.full.win32.x86_64_17.0.4.v20220903-1038\jre\bin\jli.dll
0x00007ffe97350000 - 0x00007ffe97369000 	F:\Programs\eclipse\plugins\org.eclipse.justj.openjdk.hotspot.jre.full.win32.x86_64_17.0.4.v20220903-1038\jre\bin\VCRUNTIME140.dll
0x00007ffea0180000 - 0x00007ffea031e000 	C:\Windows\System32\USER32.dll
0x00007ffe87e70000 - 0x00007ffe8810a000 	C:\Windows\WinSxS\amd64_microsoft.windows.common-controls_6595b64144ccf1df_6.0.19041.3636_none_60b6a03d71f818d5\COMCTL32.dll
0x00007ffe9e370000 - 0x00007ffe9e392000 	C:\Windows\System32\win32u.dll
0x00007ffea0320000 - 0x00007ffea034c000 	C:\Windows\System32\GDI32.dll
0x00007ffe9f7a0000 - 0x00007ffe9f83e000 	C:\Windows\System32\msvcrt.dll
0x00007ffe9e250000 - 0x00007ffe9e36a000 	C:\Windows\System32\gdi32full.dll
0x00007ffe9eb00000 - 0x00007ffe9eb9d000 	C:\Windows\System32\msvcp_win.dll
0x00007ffea0350000 - 0x00007ffea0380000 	C:\Windows\System32\IMM32.DLL
0x00007ffe98bf0000 - 0x00007ffe98bfc000 	F:\Programs\eclipse\plugins\org.eclipse.justj.openjdk.hotspot.jre.full.win32.x86_64_17.0.4.v20220903-1038\jre\bin\vcruntime140_1.dll
0x00007ffe67960000 - 0x00007ffe679f1000 	F:\Programs\eclipse\plugins\org.eclipse.justj.openjdk.hotspot.jre.full.win32.x86_64_17.0.4.v20220903-1038\jre\bin\msvcp140.dll
0x00007ffe49450000 - 0x00007ffe4a096000 	F:\Programs\eclipse\plugins\org.eclipse.justj.openjdk.hotspot.jre.full.win32.x86_64_17.0.4.v20220903-1038\jre\bin\server\jvm.dll
0x00007ffea00c0000 - 0x00007ffea016f000 	C:\Windows\System32\ADVAPI32.dll
0x00007ffea0020000 - 0x00007ffea00bc000 	C:\Windows\System32\sechost.dll
0x00007ffe9ebd0000 - 0x00007ffe9ecf6000 	C:\Windows\System32\RPCRT4.dll
0x00007ffea09e0000 - 0x00007ffea09e8000 	C:\Windows\System32\PSAPI.DLL
0x00007ffe97cc0000 - 0x00007ffe97cc9000 	C:\Windows\SYSTEM32\WSOCK32.dll
0x00007ffe98050000 - 0x00007ffe9805a000 	C:\Windows\SYSTEM32\VERSION.dll
0x00007ffe9fb10000 - 0x00007ffe9fb7b000 	C:\Windows\System32\WS2_32.dll
0x00007ffe91470000 - 0x00007ffe91497000 	C:\Windows\SYSTEM32\WINMM.dll
0x00007ffe9ca60000 - 0x00007ffe9ca72000 	C:\Windows\SYSTEM32\kernel.appcore.dll
0x00007ffe94800000 - 0x00007ffe9480a000 	F:\Programs\eclipse\plugins\org.eclipse.justj.openjdk.hotspot.jre.full.win32.x86_64_17.0.4.v20220903-1038\jre\bin\jimage.dll
0x00007ffe9c760000 - 0x00007ffe9c944000 	C:\Windows\SYSTEM32\DBGHELP.DLL
0x00007ffe95ba0000 - 0x00007ffe95bd4000 	C:\Windows\SYSTEM32\dbgcore.DLL
0x00007ffe9e4c0000 - 0x00007ffe9e542000 	C:\Windows\System32\bcryptPrimitives.dll
0x00007ffe77600000 - 0x00007ffe77625000 	F:\Programs\eclipse\plugins\org.eclipse.justj.openjdk.hotspot.jre.full.win32.x86_64_17.0.4.v20220903-1038\jre\bin\java.dll

dbghelp: loaded successfully - version: 4.0.5 - missing functions: none
symbol engine: initialized successfully - sym options: 0x614 - pdb path: .;F:\Programs\eclipse\plugins\org.eclipse.justj.openjdk.hotspot.jre.full.win32.x86_64_17.0.4.v20220903-1038\jre\bin;C:\Windows\SYSTEM32;C:\Windows\WinSxS\amd64_microsoft.windows.common-controls_6595b64144ccf1df_6.0.19041.3636_none_60b6a03d71f818d5;F:\Programs\eclipse\plugins\org.eclipse.justj.openjdk.hotspot.jre.full.win32.x86_64_17.0.4.v20220903-1038\jre\bin\server

VM Arguments:
jvm_args: --module-path=F:\Programs\javafx-sdk-21.0.1\lib --add-modules=javafx.graphics,javafx.fxml,javafx.controls -Dfile.encoding=UTF-8 -Dstdout.encoding=UTF-8 -Dstderr.encoding=UTF-8 -XX:+ShowCodeDetailsInExceptionMessages 
java_command: hust.soict.globalict.javafx.Painter
java_class_path (initial): F:\Programs\eclipse\workspace\IT3103-732871-2023.1-20214980.HoangToAn\GUIProject\bin;F:\Programs\javafx-sdk-21.0.1\lib\javafx.base.jar;F:\Programs\javafx-sdk-21.0.1\lib\javafx.controls.jar;F:\Programs\javafx-sdk-21.0.1\lib\javafx.fxml.jar;F:\Programs\javafx-sdk-21.0.1\lib\javafx.graphics.jar;F:\Programs\javafx-sdk-21.0.1\lib\javafx.media.jar;F:\Programs\javafx-sdk-21.0.1\lib\javafx.swing.jar;F:\Programs\javafx-sdk-21.0.1\lib\javafx.web.jar;F:\Programs\javafx-sdk-21.0.1\lib\javafx-swt.jar
Launcher Type: SUN_STANDARD

[Global flags]
     intx CICompilerCount                          = 4                                         {product} {ergonomic}
     uint ConcGCThreads                            = 2                                         {product} {ergonomic}
     uint G1ConcRefinementThreads                  = 8                                         {product} {ergonomic}
   size_t G1HeapRegionSize                         = 1048576                                   {product} {ergonomic}
    uintx GCDrainStackTargetSize                   = 64                                        {product} {ergonomic}
   size_t InitialHeapSize                          = 130023424                                 {product} {ergonomic}
   size_t MarkStackSize                            = 4194304                                   {product} {ergonomic}
   size_t MaxHeapSize                              = 2076180480                                {product} {ergonomic}
   size_t MinHeapDeltaBytes                        = 1048576                                   {product} {ergonomic}
   size_t MinHeapSize                              = 8388608                                   {product} {ergonomic}
    uintx NonNMethodCodeHeapSize                   = 5839372                                {pd product} {ergonomic}
    uintx NonProfiledCodeHeapSize                  = 122909434                              {pd product} {ergonomic}
    uintx ProfiledCodeHeapSize                     = 122909434                              {pd product} {ergonomic}
    uintx ReservedCodeCacheSize                    = 251658240                              {pd product} {ergonomic}
     bool SegmentedCodeCache                       = true                                      {product} {ergonomic}
     bool ShowCodeDetailsInExceptionMessages       = true                                   {manageable} {command line}
   size_t SoftMaxHeapSize                          = 2076180480                             {manageable} {ergonomic}
     bool UseCompressedClassPointers               = true                           {product lp64_product} {ergonomic}
     bool UseCompressedOops                        = true                           {product lp64_product} {ergonomic}
     bool UseG1GC                                  = true                                      {product} {ergonomic}
     bool UseLargePagesIndividualAllocation        = false                                  {pd product} {ergonomic}

Logging:
Log output configuration:
 #0: stdout all=warning uptime,level,tags
 #1: stderr all=off uptime,level,tags

Environment Variables:
PATH=F:/Programs/eclipse//plugins/org.eclipse.justj.openjdk.hotspot.jre.full.win32.x86_64_17.0.4.v20220903-1038/jre/bin/server;F:/Programs/eclipse//plugins/org.eclipse.justj.openjdk.hotspot.jre.full.win32.x86_64_17.0.4.v20220903-1038/jre/bin;C:\Program Files (x86)\Common Files\Oracle\Java\javapath;C:\Windows\system32;C:\Windows;C:\Windows\System32\Wbem;C:\Windows\System32\WindowsPowerShell\v1.0\;C:\Windows\System32\OpenSSH\;C:\Program Files\NVIDIA Corporation\NVIDIA NvDLISR;C:\Program Files\dotnet\;F:\Programs\Git\cmd;F:\Programs\PuTTY\;C:\Users\Admin\AppData\Local\Microsoft\WindowsApps;F:\Programs\Graphviz\bin;F:\Programs\eclipse;
USERNAME=Admin
OS=Windows_NT
PROCESSOR_IDENTIFIER=Intel64 Family 6 Model 140 Stepping 1, GenuineIntel
TMP=C:\Users\Admin\AppData\Local\Temp
TEMP=C:\Users\Admin\AppData\Local\Temp



---------------  S Y S T E M  ---------------

OS:
 Windows 10 , 64 bit Build 19041 (10.0.19041.3636)
OS uptime: 1 days 21:02 hours
Hyper-V role detected

CPU: total 8 (initial active 8) (4 cores per cpu, 2 threads per core) family 6 model 140 stepping 1 microcode 0xb4, cx8, cmov, fxsr, ht, mmx, 3dnowpref, sse, sse2, sse3, ssse3, sse4.1, sse4.2, popcnt, lzcnt, tsc, tscinvbit, avx, avx2, aes, erms, clmul, bmi1, bmi2, adx, avx512f, avx512dq, avx512cd, avx512bw, avx512vl, sha, fma, vzeroupper, avx512_vpopcntdq, avx512_vpclmulqdq, avx512_vaes, avx512_vnni, clflush, clflushopt, clwb, avx512_vbmi2, avx512_vbmi, hv

Memory: 4k page, system-wide physical 7914M (916M free)
TotalPageFile size 18286M (AvailPageFile size 85M)
current process WorkingSet (physical memory assigned to process): 10M, peak: 10M
current process commit charge ("private bytes"): 60M, peak: 184M

vm_info: OpenJDK 64-Bit Server VM (17.0.4.1+1) for windows-amd64 JRE (17.0.4.1+1), built on Aug 17 2022 07:42:43 by "temurin" with MS VC++ 16.7 (VS2019)

END.
