#
# There is insufficient memory for the Java Runtime Environment to continue.
# Native memory allocation (malloc) failed to allocate 1664816 bytes for Chunk::new
# Possible reasons:
#   The system is out of physical RAM or swap space
#   The process is running with CompressedOops enabled, and the Java Heap may be blocking the growth of the native heap
# Possible solutions:
#   Reduce memory load on the system
#   Increase physical memory or swap space
#   Check if swap backing store is full
#   Decrease Java heap size (-Xmx/-Xms)
#   Decrease number of Java threads
#   Decrease Java thread stack sizes (-Xss)
#   Set larger code cache with -XX:ReservedCodeCacheSize=
#   JVM is running with Unscaled Compressed Oops mode in which the Java heap is
#     placed in the first 4GB address space. The Java Heap base address is the
#     maximum limit for the native heap growth. Please use -XX:HeapBaseMinAddress
#     to set the Java Heap base and to place the Java Heap above 4GB virtual address.
# This output file may be truncated or incomplete.
#
#  Out of Memory Error (arena.cpp:189), pid=18352, tid=18324
#
# JRE version: OpenJDK Runtime Environment Temurin-17.0.4.1+1 (17.0.4.1+1) (build 17.0.4.1+1)
# Java VM: OpenJDK 64-Bit Server VM Temurin-17.0.4.1+1 (17.0.4.1+1, mixed mode, tiered, compressed oops, compressed class ptrs, g1 gc, windows-amd64)
# No core dump will be written. Minidumps are not enabled by default on client versions of Windows
#

---------------  S U M M A R Y ------------

Command Line: --module-path=F:\Programs\javafx-sdk-21.0.1\lib --add-modules=javafx.graphics,javafx.fxml,javafx.controls -Dfile.encoding=UTF-8 -Dstdout.encoding=UTF-8 -Dstderr.encoding=UTF-8 -XX:+ShowCodeDetailsInExceptionMessages hust.soict.globalict.javafx.Painter

Host: 11th Gen Intel(R) Core(TM) i5-1135G7 @ 2.40GHz, 8 cores, 7G,  Windows 10 , 64 bit Build 19041 (10.0.19041.3636)
Time: Sun Dec 24 16:36:47 2023 SE Asia Standard Time elapsed time: 0.831586 seconds (0d 0h 0m 0s)

---------------  T H R E A D  ---------------

Current thread (0x0000020374048050):  JavaThread "C2 CompilerThread0" daemon [_thread_in_native, id=18324, stack(0x0000000f23900000,0x0000000f23a00000)]


Current CompileTask:
C2:    831 1106   !   4       com.sun.javafx.css.ParsedValueImpl::readBinary (691 bytes)

Stack: [0x0000000f23900000,0x0000000f23a00000]
Native frames: (J=compiled Java code, j=interpreted, Vv=VM code, C=native code)
V  [jvm.dll+0x67731a]
V  [jvm.dll+0x832284]
V  [jvm.dll+0x833a2e]
V  [jvm.dll+0x834093]
V  [jvm.dll+0x245775]
V  [jvm.dll+0xabd7b]
V  [jvm.dll+0xac30c]
V  [jvm.dll+0x363a42]
V  [jvm.dll+0x32e011]
V  [jvm.dll+0x32d4ba]
V  [jvm.dll+0x218681]
V  [jvm.dll+0x217aa1]
V  [jvm.dll+0x1a3f8d]
V  [jvm.dll+0x227498]
V  [jvm.dll+0x2255e5]
V  [jvm.dll+0x7e7e9b]
V  [jvm.dll+0x7e240a]
V  [jvm.dll+0x6761a5]
C  [ucrtbase.dll+0x21bb2]
C  [KERNEL32.DLL+0x17344]
C  [ntdll.dll+0x526b1]


---------------  P R O C E S S  ---------------

Threads class SMR info:
_java_thread_list=0x00000203747e5a20, length=19, elements={
0x000002035983ffd0, 0x000002037363b010, 0x000002037363b4e0, 0x000002037403f990,
0x000002037403fe60, 0x0000020374042340, 0x0000020374046820, 0x0000020374048050,
0x0000020374054280, 0x00000203740557a0, 0x00000203741db780, 0x0000020374195430,
0x0000020374239040, 0x00000203747091c0, 0x00000203745d0df0, 0x0000020374abc950,
0x0000020374a87c00, 0x0000020374bf8200, 0x0000020374bf4d10
}

Java Threads: ( => current thread )
  0x000002035983ffd0 JavaThread "main" [_thread_blocked, id=17812, stack(0x0000000f22c00000,0x0000000f22d00000)]
  0x000002037363b010 JavaThread "Reference Handler" daemon [_thread_blocked, id=18224, stack(0x0000000f23300000,0x0000000f23400000)]
  0x000002037363b4e0 JavaThread "Finalizer" daemon [_thread_blocked, id=17768, stack(0x0000000f23400000,0x0000000f23500000)]
  0x000002037403f990 JavaThread "Signal Dispatcher" daemon [_thread_blocked, id=7380, stack(0x0000000f23500000,0x0000000f23600000)]
  0x000002037403fe60 JavaThread "Attach Listener" daemon [_thread_blocked, id=6864, stack(0x0000000f23600000,0x0000000f23700000)]
  0x0000020374042340 JavaThread "Service Thread" daemon [_thread_blocked, id=10800, stack(0x0000000f23700000,0x0000000f23800000)]
  0x0000020374046820 JavaThread "Monitor Deflation Thread" daemon [_thread_blocked, id=14552, stack(0x0000000f23800000,0x0000000f23900000)]
=>0x0000020374048050 JavaThread "C2 CompilerThread0" daemon [_thread_in_native, id=18324, stack(0x0000000f23900000,0x0000000f23a00000)]
  0x0000020374054280 JavaThread "C1 CompilerThread0" daemon [_thread_blocked, id=1408, stack(0x0000000f23a00000,0x0000000f23b00000)]
  0x00000203740557a0 JavaThread "Sweeper thread" daemon [_thread_blocked, id=17568, stack(0x0000000f23b00000,0x0000000f23c00000)]
  0x00000203741db780 JavaThread "Common-Cleaner" daemon [_thread_blocked, id=11568, stack(0x0000000f23c00000,0x0000000f23d00000)]
  0x0000020374195430 JavaThread "C2 CompilerThread1" daemon [_thread_blocked, id=9016, stack(0x0000000f23d00000,0x0000000f23e00000)]
  0x0000020374239040 JavaThread "C2 CompilerThread2" daemon [_thread_blocked, id=7912, stack(0x0000000f23e00000,0x0000000f23f00000)]
  0x00000203747091c0 JavaThread "Notification Thread" daemon [_thread_blocked, id=17424, stack(0x0000000f23f00000,0x0000000f24000000)]
  0x00000203745d0df0 JavaThread "QuantumRenderer-0" daemon [_thread_blocked, id=4292, stack(0x0000000f24100000,0x0000000f24200000)]
  0x0000020374abc950 JavaThread "InvokeLaterDispatcher" daemon [_thread_blocked, id=15472, stack(0x0000000f24300000,0x0000000f24400000)]
  0x0000020374a87c00 JavaThread "JavaFX Application Thread" [_thread_in_Java, id=8944, stack(0x0000000f24400000,0x0000000f24500000)]
  0x0000020374bf8200 JavaThread "JavaFX-Launcher" [_thread_blocked, id=4632, stack(0x0000000f24800000,0x0000000f24900000)]
  0x0000020374bf4d10 JavaThread "Thread-2" daemon [_thread_in_native, id=14088, stack(0x0000000f24700000,0x0000000f24800000)]

Other Threads:
  0x000002037361be40 VMThread "VM Thread" [stack: 0x0000000f23200000,0x0000000f23300000] [id=16996]
  0x00000203744ebc70 WatcherThread [stack: 0x0000000f24000000,0x0000000f24100000] [id=13932]
  0x000002035989b850 GCTaskThread "GC Thread#0" [stack: 0x0000000f22d00000,0x0000000f22e00000] [id=17844]
  0x0000020374d2bc70 GCTaskThread "GC Thread#1" [stack: 0x0000000f24900000,0x0000000f24a00000] [id=17884]
  0x0000020374e92060 GCTaskThread "GC Thread#2" [stack: 0x0000000f24a00000,0x0000000f24b00000] [id=9244]
  0x0000020374e1d3f0 GCTaskThread "GC Thread#3" [stack: 0x0000000f24b00000,0x0000000f24c00000] [id=12968]
  0x0000020374e607f0 GCTaskThread "GC Thread#4" [stack: 0x0000000f24c00000,0x0000000f24d00000] [id=7420]
  0x0000020374e60aa0 GCTaskThread "GC Thread#5" [stack: 0x0000000f24d00000,0x0000000f24e00000] [id=13808]
  0x00000203598ac620 ConcurrentGCThread "G1 Main Marker" [stack: 0x0000000f22e00000,0x0000000f22f00000] [id=10092]
  0x00000203598adee0 ConcurrentGCThread "G1 Conc#0" [stack: 0x0000000f22f00000,0x0000000f23000000] [id=17788]
  0x000002037347c110 ConcurrentGCThread "G1 Refine#0" [stack: 0x0000000f23000000,0x0000000f23100000] [id=9592]
  0x000002037347c3f0 ConcurrentGCThread "G1 Service" [stack: 0x0000000f23100000,0x0000000f23200000] [id=15564]

Threads with active compile tasks:
C2 CompilerThread0      859 1106   !   4       com.sun.javafx.css.ParsedValueImpl::readBinary (691 bytes)

VM state: not at safepoint (normal execution)

VM Mutex/Monitor currently owned by a thread: None

Heap address: 0x0000000084400000, size: 1980 MB, Compressed Oops mode: 32-bit

CDS archive(s) not mapped
Compressed class space mapped at: 0x0000000100000000-0x0000000140000000, reserved size: 1073741824
Narrow klass base: 0x0000000000000000, Narrow klass shift: 3, Narrow klass range: 0x140000000

GC Precious Log:
 CPUs: 8 total, 8 available
 Memory: 7914M
 Large Page Support: Disabled
 NUMA Support: Disabled
 Compressed Oops: Enabled (32-bit)
 Heap Region Size: 1M
 Heap Min Capacity: 8M
 Heap Initial Capacity: 124M
 Heap Max Capacity: 1980M
 Pre-touch: Disabled
 Parallel Workers: 8
 Concurrent Workers: 2
 Concurrent Refinement Workers: 8
 Periodic GC: Disabled

Heap:
 garbage-first heap   total 126976K, used 16384K [0x0000000084400000, 0x0000000100000000)
  region size 1024K, 17 young (17408K), 3 survivors (3072K)
 Metaspace       used 17096K, committed 17344K, reserved 1064960K
  class space    used 1990K, committed 2112K, reserved 1048576K

Heap Regions: E=young(eden), S=young(survivor), O=old, HS=humongous(starts), HC=humongous(continues), CS=collection set, F=free, OA=open archive, CA=closed archive, TAMS=top-at-mark-start (previous, next)
|   0|0x0000000084400000, 0x0000000084400000, 0x0000000084500000|  0%| F|  |TAMS 0x0000000084400000, 0x0000000084400000| Untracked 
|   1|0x0000000084500000, 0x0000000084500000, 0x0000000084600000|  0%| F|  |TAMS 0x0000000084500000, 0x0000000084500000| Untracked 
|   2|0x0000000084600000, 0x0000000084600000, 0x0000000084700000|  0%| F|  |TAMS 0x0000000084600000, 0x0000000084600000| Untracked 
|   3|0x0000000084700000, 0x0000000084700000, 0x0000000084800000|  0%| F|  |TAMS 0x0000000084700000, 0x0000000084700000| Untracked 
|   4|0x0000000084800000, 0x0000000084800000, 0x0000000084900000|  0%| F|  |TAMS 0x0000000084800000, 0x0000000084800000| Untracked 
|   5|0x0000000084900000, 0x0000000084900000, 0x0000000084a00000|  0%| F|  |TAMS 0x0000000084900000, 0x0000000084900000| Untracked 
|   6|0x0000000084a00000, 0x0000000084a00000, 0x0000000084b00000|  0%| F|  |TAMS 0x0000000084a00000, 0x0000000084a00000| Untracked 
|   7|0x0000000084b00000, 0x0000000084b00000, 0x0000000084c00000|  0%| F|  |TAMS 0x0000000084b00000, 0x0000000084b00000| Untracked 
|   8|0x0000000084c00000, 0x0000000084c00000, 0x0000000084d00000|  0%| F|  |TAMS 0x0000000084c00000, 0x0000000084c00000| Untracked 
|   9|0x0000000084d00000, 0x0000000084d00000, 0x0000000084e00000|  0%| F|  |TAMS 0x0000000084d00000, 0x0000000084d00000| Untracked 
|  10|0x0000000084e00000, 0x0000000084e00000, 0x0000000084f00000|  0%| F|  |TAMS 0x0000000084e00000, 0x0000000084e00000| Untracked 
|  11|0x0000000084f00000, 0x0000000084f00000, 0x0000000085000000|  0%| F|  |TAMS 0x0000000084f00000, 0x0000000084f00000| Untracked 
|  12|0x0000000085000000, 0x0000000085000000, 0x0000000085100000|  0%| F|  |TAMS 0x0000000085000000, 0x0000000085000000| Untracked 
|  13|0x0000000085100000, 0x0000000085100000, 0x0000000085200000|  0%| F|  |TAMS 0x0000000085100000, 0x0000000085100000| Untracked 
|  14|0x0000000085200000, 0x0000000085200000, 0x0000000085300000|  0%| F|  |TAMS 0x0000000085200000, 0x0000000085200000| Untracked 
|  15|0x0000000085300000, 0x0000000085300000, 0x0000000085400000|  0%| F|  |TAMS 0x0000000085300000, 0x0000000085300000| Untracked 
|  16|0x0000000085400000, 0x0000000085400000, 0x0000000085500000|  0%| F|  |TAMS 0x0000000085400000, 0x0000000085400000| Untracked 
|  17|0x0000000085500000, 0x0000000085500000, 0x0000000085600000|  0%| F|  |TAMS 0x0000000085500000, 0x0000000085500000| Untracked 
|  18|0x0000000085600000, 0x0000000085600000, 0x0000000085700000|  0%| F|  |TAMS 0x0000000085600000, 0x0000000085600000| Untracked 
|  19|0x0000000085700000, 0x0000000085700000, 0x0000000085800000|  0%| F|  |TAMS 0x0000000085700000, 0x0000000085700000| Untracked 
|  20|0x0000000085800000, 0x0000000085800000, 0x0000000085900000|  0%| F|  |TAMS 0x0000000085800000, 0x0000000085800000| Untracked 
|  21|0x0000000085900000, 0x0000000085900000, 0x0000000085a00000|  0%| F|  |TAMS 0x0000000085900000, 0x0000000085900000| Untracked 
|  22|0x0000000085a00000, 0x0000000085a00000, 0x0000000085b00000|  0%| F|  |TAMS 0x0000000085a00000, 0x0000000085a00000| Untracked 
|  23|0x0000000085b00000, 0x0000000085b00000, 0x0000000085c00000|  0%| F|  |TAMS 0x0000000085b00000, 0x0000000085b00000| Untracked 
|  24|0x0000000085c00000, 0x0000000085c00000, 0x0000000085d00000|  0%| F|  |TAMS 0x0000000085c00000, 0x0000000085c00000| Untracked 
|  25|0x0000000085d00000, 0x0000000085d00000, 0x0000000085e00000|  0%| F|  |TAMS 0x0000000085d00000, 0x0000000085d00000| Untracked 
|  26|0x0000000085e00000, 0x0000000085e00000, 0x0000000085f00000|  0%| F|  |TAMS 0x0000000085e00000, 0x0000000085e00000| Untracked 
|  27|0x0000000085f00000, 0x0000000085f00000, 0x0000000086000000|  0%| F|  |TAMS 0x0000000085f00000, 0x0000000085f00000| Untracked 
|  28|0x0000000086000000, 0x0000000086000000, 0x0000000086100000|  0%| F|  |TAMS 0x0000000086000000, 0x0000000086000000| Untracked 
|  29|0x0000000086100000, 0x0000000086100000, 0x0000000086200000|  0%| F|  |TAMS 0x0000000086100000, 0x0000000086100000| Untracked 
|  30|0x0000000086200000, 0x0000000086200000, 0x0000000086300000|  0%| F|  |TAMS 0x0000000086200000, 0x0000000086200000| Untracked 
|  31|0x0000000086300000, 0x0000000086300000, 0x0000000086400000|  0%| F|  |TAMS 0x0000000086300000, 0x0000000086300000| Untracked 
|  32|0x0000000086400000, 0x0000000086400000, 0x0000000086500000|  0%| F|  |TAMS 0x0000000086400000, 0x0000000086400000| Untracked 
|  33|0x0000000086500000, 0x0000000086500000, 0x0000000086600000|  0%| F|  |TAMS 0x0000000086500000, 0x0000000086500000| Untracked 
|  34|0x0000000086600000, 0x0000000086600000, 0x0000000086700000|  0%| F|  |TAMS 0x0000000086600000, 0x0000000086600000| Untracked 
|  35|0x0000000086700000, 0x0000000086700000, 0x0000000086800000|  0%| F|  |TAMS 0x0000000086700000, 0x0000000086700000| Untracked 
|  36|0x0000000086800000, 0x0000000086800000, 0x0000000086900000|  0%| F|  |TAMS 0x0000000086800000, 0x0000000086800000| Untracked 
|  37|0x0000000086900000, 0x0000000086900000, 0x0000000086a00000|  0%| F|  |TAMS 0x0000000086900000, 0x0000000086900000| Untracked 
|  38|0x0000000086a00000, 0x0000000086a00000, 0x0000000086b00000|  0%| F|  |TAMS 0x0000000086a00000, 0x0000000086a00000| Untracked 
|  39|0x0000000086b00000, 0x0000000086b00000, 0x0000000086c00000|  0%| F|  |TAMS 0x0000000086b00000, 0x0000000086b00000| Untracked 
|  40|0x0000000086c00000, 0x0000000086c00000, 0x0000000086d00000|  0%| F|  |TAMS 0x0000000086c00000, 0x0000000086c00000| Untracked 
|  41|0x0000000086d00000, 0x0000000086d00000, 0x0000000086e00000|  0%| F|  |TAMS 0x0000000086d00000, 0x0000000086d00000| Untracked 
|  42|0x0000000086e00000, 0x0000000086e00000, 0x0000000086f00000|  0%| F|  |TAMS 0x0000000086e00000, 0x0000000086e00000| Untracked 
|  43|0x0000000086f00000, 0x0000000086f00000, 0x0000000087000000|  0%| F|  |TAMS 0x0000000086f00000, 0x0000000086f00000| Untracked 
|  44|0x0000000087000000, 0x0000000087000000, 0x0000000087100000|  0%| F|  |TAMS 0x0000000087000000, 0x0000000087000000| Untracked 
|  45|0x0000000087100000, 0x0000000087100000, 0x0000000087200000|  0%| F|  |TAMS 0x0000000087100000, 0x0000000087100000| Untracked 
|  46|0x0000000087200000, 0x0000000087200000, 0x0000000087300000|  0%| F|  |TAMS 0x0000000087200000, 0x0000000087200000| Untracked 
|  47|0x0000000087300000, 0x0000000087300000, 0x0000000087400000|  0%| F|  |TAMS 0x0000000087300000, 0x0000000087300000| Untracked 
|  48|0x0000000087400000, 0x0000000087400000, 0x0000000087500000|  0%| F|  |TAMS 0x0000000087400000, 0x0000000087400000| Untracked 
|  49|0x0000000087500000, 0x0000000087500000, 0x0000000087600000|  0%| F|  |TAMS 0x0000000087500000, 0x0000000087500000| Untracked 
|  50|0x0000000087600000, 0x0000000087600000, 0x0000000087700000|  0%| F|  |TAMS 0x0000000087600000, 0x0000000087600000| Untracked 
|  51|0x0000000087700000, 0x0000000087700000, 0x0000000087800000|  0%| F|  |TAMS 0x0000000087700000, 0x0000000087700000| Untracked 
|  52|0x0000000087800000, 0x0000000087800000, 0x0000000087900000|  0%| F|  |TAMS 0x0000000087800000, 0x0000000087800000| Untracked 
|  53|0x0000000087900000, 0x0000000087900000, 0x0000000087a00000|  0%| F|  |TAMS 0x0000000087900000, 0x0000000087900000| Untracked 
|  54|0x0000000087a00000, 0x0000000087a00000, 0x0000000087b00000|  0%| F|  |TAMS 0x0000000087a00000, 0x0000000087a00000| Untracked 
|  55|0x0000000087b00000, 0x0000000087b00000, 0x0000000087c00000|  0%| F|  |TAMS 0x0000000087b00000, 0x0000000087b00000| Untracked 
|  56|0x0000000087c00000, 0x0000000087c00000, 0x0000000087d00000|  0%| F|  |TAMS 0x0000000087c00000, 0x0000000087c00000| Untracked 
|  57|0x0000000087d00000, 0x0000000087d00000, 0x0000000087e00000|  0%| F|  |TAMS 0x0000000087d00000, 0x0000000087d00000| Untracked 
|  58|0x0000000087e00000, 0x0000000087e00000, 0x0000000087f00000|  0%| F|  |TAMS 0x0000000087e00000, 0x0000000087e00000| Untracked 
|  59|0x0000000087f00000, 0x0000000087f00000, 0x0000000088000000|  0%| F|  |TAMS 0x0000000087f00000, 0x0000000087f00000| Untracked 
|  60|0x0000000088000000, 0x0000000088000000, 0x0000000088100000|  0%| F|  |TAMS 0x0000000088000000, 0x0000000088000000| Untracked 
|  61|0x0000000088100000, 0x0000000088100000, 0x0000000088200000|  0%| F|  |TAMS 0x0000000088100000, 0x0000000088100000| Untracked 
|  62|0x0000000088200000, 0x0000000088200000, 0x0000000088300000|  0%| F|  |TAMS 0x0000000088200000, 0x0000000088200000| Untracked 
|  63|0x0000000088300000, 0x0000000088300000, 0x0000000088400000|  0%| F|  |TAMS 0x0000000088300000, 0x0000000088300000| Untracked 
|  64|0x0000000088400000, 0x0000000088400000, 0x0000000088500000|  0%| F|  |TAMS 0x0000000088400000, 0x0000000088400000| Untracked 
|  65|0x0000000088500000, 0x0000000088500000, 0x0000000088600000|  0%| F|  |TAMS 0x0000000088500000, 0x0000000088500000| Untracked 
|  66|0x0000000088600000, 0x0000000088600000, 0x0000000088700000|  0%| F|  |TAMS 0x0000000088600000, 0x0000000088600000| Untracked 
|  67|0x0000000088700000, 0x0000000088700000, 0x0000000088800000|  0%| F|  |TAMS 0x0000000088700000, 0x0000000088700000| Untracked 
|  68|0x0000000088800000, 0x0000000088800000, 0x0000000088900000|  0%| F|  |TAMS 0x0000000088800000, 0x0000000088800000| Untracked 
|  69|0x0000000088900000, 0x0000000088900000, 0x0000000088a00000|  0%| F|  |TAMS 0x0000000088900000, 0x0000000088900000| Untracked 
|  70|0x0000000088a00000, 0x0000000088a00000, 0x0000000088b00000|  0%| F|  |TAMS 0x0000000088a00000, 0x0000000088a00000| Untracked 
|  71|0x0000000088b00000, 0x0000000088b00000, 0x0000000088c00000|  0%| F|  |TAMS 0x0000000088b00000, 0x0000000088b00000| Untracked 
|  72|0x0000000088c00000, 0x0000000088c00000, 0x0000000088d00000|  0%| F|  |TAMS 0x0000000088c00000, 0x0000000088c00000| Untracked 
|  73|0x0000000088d00000, 0x0000000088d00000, 0x0000000088e00000|  0%| F|  |TAMS 0x0000000088d00000, 0x0000000088d00000| Untracked 
|  74|0x0000000088e00000, 0x0000000088e00000, 0x0000000088f00000|  0%| F|  |TAMS 0x0000000088e00000, 0x0000000088e00000| Untracked 
|  75|0x0000000088f00000, 0x0000000088f00000, 0x0000000089000000|  0%| F|  |TAMS 0x0000000088f00000, 0x0000000088f00000| Untracked 
|  76|0x0000000089000000, 0x0000000089000000, 0x0000000089100000|  0%| F|  |TAMS 0x0000000089000000, 0x0000000089000000| Untracked 
|  77|0x0000000089100000, 0x0000000089100000, 0x0000000089200000|  0%| F|  |TAMS 0x0000000089100000, 0x0000000089100000| Untracked 
|  78|0x0000000089200000, 0x0000000089200000, 0x0000000089300000|  0%| F|  |TAMS 0x0000000089200000, 0x0000000089200000| Untracked 
|  79|0x0000000089300000, 0x0000000089300000, 0x0000000089400000|  0%| F|  |TAMS 0x0000000089300000, 0x0000000089300000| Untracked 
|  80|0x0000000089400000, 0x0000000089400000, 0x0000000089500000|  0%| F|  |TAMS 0x0000000089400000, 0x0000000089400000| Untracked 
|  81|0x0000000089500000, 0x0000000089500000, 0x0000000089600000|  0%| F|  |TAMS 0x0000000089500000, 0x0000000089500000| Untracked 
|  82|0x0000000089600000, 0x0000000089600000, 0x0000000089700000|  0%| F|  |TAMS 0x0000000089600000, 0x0000000089600000| Untracked 
|  83|0x0000000089700000, 0x0000000089700000, 0x0000000089800000|  0%| F|  |TAMS 0x0000000089700000, 0x0000000089700000| Untracked 
|  84|0x0000000089800000, 0x0000000089800000, 0x0000000089900000|  0%| F|  |TAMS 0x0000000089800000, 0x0000000089800000| Untracked 
|  85|0x0000000089900000, 0x0000000089900000, 0x0000000089a00000|  0%| F|  |TAMS 0x0000000089900000, 0x0000000089900000| Untracked 
|  86|0x0000000089a00000, 0x0000000089a00000, 0x0000000089b00000|  0%| F|  |TAMS 0x0000000089a00000, 0x0000000089a00000| Untracked 
|  87|0x0000000089b00000, 0x0000000089b00000, 0x0000000089c00000|  0%| F|  |TAMS 0x0000000089b00000, 0x0000000089b00000| Untracked 
|  88|0x0000000089c00000, 0x0000000089c00000, 0x0000000089d00000|  0%| F|  |TAMS 0x0000000089c00000, 0x0000000089c00000| Untracked 
|  89|0x0000000089d00000, 0x0000000089d00000, 0x0000000089e00000|  0%| F|  |TAMS 0x0000000089d00000, 0x0000000089d00000| Untracked 
|  90|0x0000000089e00000, 0x0000000089e00000, 0x0000000089f00000|  0%| F|  |TAMS 0x0000000089e00000, 0x0000000089e00000| Untracked 
|  91|0x0000000089f00000, 0x0000000089f00000, 0x000000008a000000|  0%| F|  |TAMS 0x0000000089f00000, 0x0000000089f00000| Untracked 
|  92|0x000000008a000000, 0x000000008a000000, 0x000000008a100000|  0%| F|  |TAMS 0x000000008a000000, 0x000000008a000000| Untracked 
|  93|0x000000008a100000, 0x000000008a100000, 0x000000008a200000|  0%| F|  |TAMS 0x000000008a100000, 0x000000008a100000| Untracked 
|  94|0x000000008a200000, 0x000000008a200000, 0x000000008a300000|  0%| F|  |TAMS 0x000000008a200000, 0x000000008a200000| Untracked 
|  95|0x000000008a300000, 0x000000008a300000, 0x000000008a400000|  0%| F|  |TAMS 0x000000008a300000, 0x000000008a300000| Untracked 
|  96|0x000000008a400000, 0x000000008a400000, 0x000000008a500000|  0%| F|  |TAMS 0x000000008a400000, 0x000000008a400000| Untracked 
|  97|0x000000008a500000, 0x000000008a500000, 0x000000008a600000|  0%| F|  |TAMS 0x000000008a500000, 0x000000008a500000| Untracked 
|  98|0x000000008a600000, 0x000000008a700000, 0x000000008a700000|100%| S|CS|TAMS 0x000000008a600000, 0x000000008a600000| Complete 
|  99|0x000000008a700000, 0x000000008a800000, 0x000000008a800000|100%| S|CS|TAMS 0x000000008a700000, 0x000000008a700000| Complete 
| 100|0x000000008a800000, 0x000000008a900000, 0x000000008a900000|100%| S|CS|TAMS 0x000000008a800000, 0x000000008a800000| Complete 
| 101|0x000000008a900000, 0x000000008a900000, 0x000000008aa00000|  0%| F|  |TAMS 0x000000008a900000, 0x000000008a900000| Untracked 
| 102|0x000000008aa00000, 0x000000008aa00000, 0x000000008ab00000|  0%| F|  |TAMS 0x000000008aa00000, 0x000000008aa00000| Untracked 
| 103|0x000000008ab00000, 0x000000008ab00000, 0x000000008ac00000|  0%| F|  |TAMS 0x000000008ab00000, 0x000000008ab00000| Untracked 
| 104|0x000000008ac00000, 0x000000008ac00000, 0x000000008ad00000|  0%| F|  |TAMS 0x000000008ac00000, 0x000000008ac00000| Untracked 
| 105|0x000000008ad00000, 0x000000008ad00000, 0x000000008ae00000|  0%| F|  |TAMS 0x000000008ad00000, 0x000000008ad00000| Untracked 
| 106|0x000000008ae00000, 0x000000008ae00000, 0x000000008af00000|  0%| F|  |TAMS 0x000000008ae00000, 0x000000008ae00000| Untracked 
| 107|0x000000008af00000, 0x000000008af00000, 0x000000008b000000|  0%| F|  |TAMS 0x000000008af00000, 0x000000008af00000| Untracked 
| 108|0x000000008b000000, 0x000000008b000000, 0x000000008b100000|  0%| F|  |TAMS 0x000000008b000000, 0x000000008b000000| Untracked 
| 109|0x000000008b100000, 0x000000008b100000, 0x000000008b200000|  0%| F|  |TAMS 0x000000008b100000, 0x000000008b100000| Untracked 
| 110|0x000000008b200000, 0x000000008b300000, 0x000000008b300000|100%| E|  |TAMS 0x000000008b200000, 0x000000008b200000| Complete 
| 111|0x000000008b300000, 0x000000008b400000, 0x000000008b400000|100%| E|CS|TAMS 0x000000008b300000, 0x000000008b300000| Complete 
| 112|0x000000008b400000, 0x000000008b500000, 0x000000008b500000|100%| E|CS|TAMS 0x000000008b400000, 0x000000008b400000| Complete 
| 113|0x000000008b500000, 0x000000008b600000, 0x000000008b600000|100%| E|CS|TAMS 0x000000008b500000, 0x000000008b500000| Complete 
| 114|0x000000008b600000, 0x000000008b700000, 0x000000008b700000|100%| E|CS|TAMS 0x000000008b600000, 0x000000008b600000| Complete 
| 115|0x000000008b700000, 0x000000008b800000, 0x000000008b800000|100%| E|CS|TAMS 0x000000008b700000, 0x000000008b700000| Complete 
| 116|0x000000008b800000, 0x000000008b900000, 0x000000008b900000|100%| E|CS|TAMS 0x000000008b800000, 0x000000008b800000| Complete 
| 117|0x000000008b900000, 0x000000008ba00000, 0x000000008ba00000|100%| E|CS|TAMS 0x000000008b900000, 0x000000008b900000| Complete 
| 118|0x000000008ba00000, 0x000000008bb00000, 0x000000008bb00000|100%| E|CS|TAMS 0x000000008ba00000, 0x000000008ba00000| Complete 
| 119|0x000000008bb00000, 0x000000008bc00000, 0x000000008bc00000|100%| E|CS|TAMS 0x000000008bb00000, 0x000000008bb00000| Complete 
| 120|0x000000008bc00000, 0x000000008bd00000, 0x000000008bd00000|100%| E|CS|TAMS 0x000000008bc00000, 0x000000008bc00000| Complete 
| 121|0x000000008bd00000, 0x000000008be00000, 0x000000008be00000|100%| E|CS|TAMS 0x000000008bd00000, 0x000000008bd00000| Complete 
| 122|0x000000008be00000, 0x000000008bf00000, 0x000000008bf00000|100%| E|CS|TAMS 0x000000008be00000, 0x000000008be00000| Complete 
| 123|0x000000008bf00000, 0x000000008c000000, 0x000000008c000000|100%| E|CS|TAMS 0x000000008bf00000, 0x000000008bf00000| Complete 

Card table byte_map: [0x000002036c620000,0x000002036ca00000] _byte_map_base: 0x000002036c1fe000

Marking Bits (Prev, Next): (CMBitMap*) 0x000002035989bd60, (CMBitMap*) 0x000002035989bda0
 Prev Bits: [0x000002036cde0000, 0x000002036ecd0000)
 Next Bits: [0x000002036ecd0000, 0x0000020370bc0000)

Polling page: 0x0000020357860000

Metaspace:

Usage:
  Non-class:     14.81 MB used.
      Class:      1.95 MB used.
       Both:     16.77 MB used.

Virtual space:
  Non-class space:       16.00 MB reserved,      14.94 MB ( 93%) committed,  2 nodes.
      Class space:        1.00 GB reserved,       2.06 MB ( <1%) committed,  1 nodes.
             Both:        1.02 GB reserved,      17.00 MB (  2%) committed. 

Chunk freelists:
   Non-Class:  208.00 KB
       Class:  1.94 MB
        Both:  2.15 MB

MaxMetaspaceSize: unlimited
CompressedClassSpaceSize: 1.00 GB
Initial GC threshold: 21.00 MB
Current GC threshold: 21.00 MB
CDS: off
MetaspaceReclaimPolicy: balanced
 - commit_granule_bytes: 65536.
 - commit_granule_words: 8192.
 - virtual_space_node_default_size: 1048576.
 - enlarge_chunks_in_place: 1.
 - new_chunks_are_fully_committed: 0.
 - uncommit_free_chunks: 1.
 - use_allocation_guard: 0.
 - handle_deallocations: 1.


Internal statistics:

num_allocs_failed_limit: 0.
num_arena_births: 148.
num_arena_deaths: 0.
num_vsnodes_births: 3.
num_vsnodes_deaths: 0.
num_space_committed: 272.
num_space_uncommitted: 0.
num_chunks_returned_to_freelist: 0.
num_chunks_taken_from_freelist: 458.
num_chunk_merges: 0.
num_chunk_splits: 314.
num_chunks_enlarged: 246.
num_purges: 0.
num_inconsistent_stats: 0.

CodeHeap 'non-profiled nmethods': size=120000Kb used=401Kb max_used=401Kb free=119598Kb
 bounds [0x00000203649e0000, 0x0000020364c50000, 0x000002036bf10000]
CodeHeap 'profiled nmethods': size=120000Kb used=1994Kb max_used=1994Kb free=118006Kb
 bounds [0x000002035d4b0000, 0x000002035d720000, 0x00000203649e0000]
CodeHeap 'non-nmethods': size=5760Kb used=1322Kb max_used=1322Kb free=4437Kb
 bounds [0x000002035cf10000, 0x000002035d180000, 0x000002035d4b0000]
 total_blobs=1881 nmethods=1235 adapters=559
 compilation: enabled
              stopped_count=0, restarted_count=0
 full_count=0

Compilation events (20 events):
Event: 0.824 Thread 0x0000020374054280 1222       3       jdk.internal.misc.CDS::isDumpingArchive (4 bytes)
Event: 0.825 Thread 0x0000020374054280 nmethod 1222 0x000002035d69be10 code [0x000002035d69bfa0, 0x000002035d69c098]
Event: 0.825 Thread 0x0000020374054280 1223       3       java.lang.invoke.MethodHandles$Lookup$ClassFile::readUnsignedShort (39 bytes)
Event: 0.825 Thread 0x0000020374054280 nmethod 1223 0x000002035d69c110 code [0x000002035d69c2c0, 0x000002035d69c4c8]
Event: 0.825 Thread 0x0000020374054280 1221       1       java.lang.invoke.MethodHandle::internalForm (5 bytes)
Event: 0.825 Thread 0x0000020374054280 nmethod 1221 0x0000020364a43510 code [0x0000020364a436a0, 0x0000020364a43778]
Event: 0.825 Thread 0x0000020374054280 1224       1       java.lang.invoke.MethodHandleImpl$IntrinsicMethodHandle::getTarget (5 bytes)
Event: 0.825 Thread 0x0000020374054280 nmethod 1224 0x0000020364a43810 code [0x0000020364a439a0, 0x0000020364a43a78]
Event: 0.826 Thread 0x0000020374054280 1226       3       java.lang.invoke.LambdaFormEditor$TransformKey::<init> (15 bytes)
Event: 0.826 Thread 0x0000020374054280 nmethod 1226 0x000002035d69c610 code [0x000002035d69c7a0, 0x000002035d69c938]
Event: 0.827 Thread 0x0000020374054280 1227       3       java.util.HashMap::getNode (150 bytes)
Event: 0.828 Thread 0x0000020374054280 nmethod 1227 0x000002035d69ca10 code [0x000002035d69cc40, 0x000002035d69d7d8]
Event: 0.828 Thread 0x0000020374054280 1228       3       java.util.KeyValueHolder::<init> (21 bytes)
Event: 0.828 Thread 0x0000020374054280 nmethod 1228 0x000002035d69da90 code [0x000002035d69dc80, 0x000002035d69e158]
Event: 0.828 Thread 0x0000020374054280 1230       3       java.util.ImmutableCollections$MapN::probe (60 bytes)
Event: 0.828 Thread 0x0000020374054280 nmethod 1230 0x000002035d69e310 code [0x000002035d69e500, 0x000002035d69ea58]
Event: 0.828 Thread 0x0000020374054280 1229       3       java.util.Map::entry (10 bytes)
Event: 0.829 Thread 0x0000020374054280 nmethod 1229 0x000002035d69ec90 code [0x000002035d69ee80, 0x000002035d69f3f8]
Event: 0.829 Thread 0x0000020374054280 1232       3       jdk.internal.misc.Unsafe::weakCompareAndSetInt (11 bytes)
Event: 0.829 Thread 0x0000020374054280 nmethod 1232 0x000002035d69f610 code [0x000002035d69f7a0, 0x000002035d69f8d8]

GC Heap History (2 events):
Event: 0.627 GC heap before
{Heap before GC invocations=0 (full 0):
 garbage-first heap   total 126976K, used 22528K [0x0000000084400000, 0x0000000100000000)
  region size 1024K, 23 young (23552K), 0 survivors (0K)
 Metaspace       used 13012K, committed 13184K, reserved 1064960K
  class space    used 1378K, committed 1472K, reserved 1048576K
}
Event: 0.631 GC heap after
{Heap after GC invocations=1 (full 0):
 garbage-first heap   total 126976K, used 3072K [0x0000000084400000, 0x0000000100000000)
  region size 1024K, 3 young (3072K), 3 survivors (3072K)
 Metaspace       used 13012K, committed 13184K, reserved 1064960K
  class space    used 1378K, committed 1472K, reserved 1048576K
}

Deoptimization events (20 events):
Event: 0.762 Thread 0x0000020374a87c00 Uncommon trap: trap_request=0xffffff45 fr.pc=0x0000020364a1f518 relative=0x0000000000000178
Event: 0.762 Thread 0x0000020374a87c00 Uncommon trap: reason=unstable_if action=reinterpret pc=0x0000020364a1f518 method=java.lang.String.startsWith(Ljava/lang/String;I)Z @ 1 c2
Event: 0.762 Thread 0x0000020374a87c00 DEOPT PACKING pc=0x0000020364a1f518 sp=0x0000000f244fe090
Event: 0.762 Thread 0x0000020374a87c00 DEOPT UNPACKING pc=0x000002035cf65c23 sp=0x0000000f244fdff8 mode 2
Event: 0.797 Thread 0x0000020374a87c00 Uncommon trap: trap_request=0xffffff45 fr.pc=0x0000020364a03cf4 relative=0x00000000000000d4
Event: 0.797 Thread 0x0000020374a87c00 Uncommon trap: reason=unstable_if action=reinterpret pc=0x0000020364a03cf4 method=java.util.HashMap.hash(Ljava/lang/Object;)I @ 1 c2
Event: 0.797 Thread 0x0000020374a87c00 DEOPT PACKING pc=0x0000020364a03cf4 sp=0x0000000f244fdc40
Event: 0.797 Thread 0x0000020374a87c00 DEOPT UNPACKING pc=0x000002035cf65c23 sp=0x0000000f244fdb80 mode 2
Event: 0.798 Thread 0x0000020374a87c00 Uncommon trap: trap_request=0xffffff45 fr.pc=0x0000020364a36b1c relative=0x00000000000000fc
Event: 0.798 Thread 0x0000020374a87c00 Uncommon trap: reason=unstable_if action=reinterpret pc=0x0000020364a36b1c method=com.sun.javafx.css.BitSet$1.hasNext()Z @ 18 c2
Event: 0.798 Thread 0x0000020374a87c00 DEOPT PACKING pc=0x0000020364a36b1c sp=0x0000000f244fd8f0
Event: 0.798 Thread 0x0000020374a87c00 DEOPT UNPACKING pc=0x000002035cf65c23 sp=0x0000000f244fd870 mode 2
Event: 0.812 Thread 0x0000020374a87c00 Uncommon trap: trap_request=0xffffff45 fr.pc=0x0000020364a372c8 relative=0x0000000000000488
Event: 0.812 Thread 0x0000020374a87c00 Uncommon trap: reason=unstable_if action=reinterpret pc=0x0000020364a372c8 method=java.util.HashMap.hash(Ljava/lang/Object;)I @ 1 c2
Event: 0.812 Thread 0x0000020374a87c00 DEOPT PACKING pc=0x0000020364a372c8 sp=0x0000000f244fdc40
Event: 0.812 Thread 0x0000020374a87c00 DEOPT UNPACKING pc=0x000002035cf65c23 sp=0x0000000f244fdae8 mode 2
Event: 0.813 Thread 0x0000020374a87c00 Uncommon trap: trap_request=0xffffff45 fr.pc=0x0000020364a2e0ac relative=0x000000000000046c
Event: 0.813 Thread 0x0000020374a87c00 Uncommon trap: reason=unstable_if action=reinterpret pc=0x0000020364a2e0ac method=java.util.HashMap.hash(Ljava/lang/Object;)I @ 1 c2
Event: 0.813 Thread 0x0000020374a87c00 DEOPT PACKING pc=0x0000020364a2e0ac sp=0x0000000f244fdd60
Event: 0.813 Thread 0x0000020374a87c00 DEOPT UNPACKING pc=0x000002035cf65c23 sp=0x0000000f244fdc78 mode 2

Classes unloaded (0 events):
No events

Classes redefined (0 events):
No events

Internal exceptions (20 events):
Event: 0.271 Thread 0x000002035983ffd0 Exception <a 'java/lang/NoSuchMethodError'{0x000000008b86ac98}: 'void java.lang.invoke.DirectMethodHandle$Holder.invokeStatic(java.lang.Object, java.lang.Object)'> (0x000000008b86ac98) 
thrown [s\src\hotspot\share\interpreter\linkResolver.cpp, line 759]
Event: 0.360 Thread 0x000002035983ffd0 Exception <a 'java/lang/NoSuchMethodError'{0x000000008b577d38}: 'void java.lang.invoke.DirectMethodHandle$Holder.invokeSpecial(java.lang.Object, java.lang.Object, java.lang.Object)'> (0x000000008b577d38) 
thrown [s\src\hotspot\share\interpreter\linkResolver.cpp, line 759]
Event: 0.368 Thread 0x000002035983ffd0 Exception <a 'java/lang/NoSuchMethodError'{0x000000008b5b0a80}: 'void java.lang.invoke.DirectMethodHandle$Holder.invokeStatic(java.lang.Object, java.lang.Object, java.lang.Object)'> (0x000000008b5b0a80) 
thrown [s\src\hotspot\share\interpreter\linkResolver.cpp, line 759]
Event: 0.405 Thread 0x000002035983ffd0 Exception <a 'java/lang/NoSuchMethodError'{0x000000008b5cd3f0}: 'int java.lang.invoke.DirectMethodHandle$Holder.invokeStaticInit(java.lang.Object, java.lang.Object, java.lang.Object)'> (0x000000008b5cd3f0) 
thrown [s\src\hotspot\share\interpreter\linkResolver.cpp, line 759]
Event: 0.426 Thread 0x000002035983ffd0 Exception <a 'java/lang/NoSuchMethodError'{0x000000008b30f1d0}: 'java.lang.Object java.lang.invoke.DirectMethodHandle$Holder.newInvokeSpecial(java.lang.Object, java.lang.Object, int, java.lang.Object)'> (0x000000008b30f1d0) 
thrown [s\src\hotspot\share\interpreter\linkResolver.cpp, line 759]
Event: 0.427 Thread 0x000002035983ffd0 Exception <a 'java/lang/NoSuchMethodError'{0x000000008b3135b0}: 'java.lang.Object java.lang.invoke.DirectMethodHandle$Holder.invokeSpecial(java.lang.Object, java.lang.Object, java.lang.Object, int, java.lang.Object)'> (0x000000008b3135b0) 
thrown [s\src\hotspot\share\interpreter\linkResolver.cpp, line 759]
Event: 0.490 Thread 0x0000020374a87c00 Exception <a 'java/lang/NoSuchMethodError'{0x000000008b1eca60}: 'void java.lang.invoke.DirectMethodHandle$Holder.invokeStaticInit(java.lang.Object)'> (0x000000008b1eca60) 
thrown [s\src\hotspot\share\interpreter\linkResolver.cpp, line 759]
Event: 0.494 Thread 0x000002035983ffd0 Exception <a 'java/lang/NoSuchMethodError'{0x000000008b328640}: 'java.lang.Object java.lang.invoke.DirectMethodHandle$Holder.newInvokeSpecial(java.lang.Object, java.lang.Object, java.lang.Object, java.lang.Object, java.lang.Object, java.lang.Object)'> (0x000000008b328640) 
thrown [s\src\hotspot\share\interpreter\linkResolver.cpp, line 759]
Event: 0.499 Thread 0x000002035983ffd0 Exception <a 'java/lang/NoSuchMethodError'{0x000000008b358ea0}: 'java.lang.Object java.lang.invoke.DirectMethodHandle$Holder.newInvokeSpecial(java.lang.Object, java.lang.Object, java.lang.Object, java.lang.Object, java.lang.Object)'> (0x000000008b358ea0) 
thrown [s\src\hotspot\share\interpreter\linkResolver.cpp, line 759]
Event: 0.501 Thread 0x0000020374bf8200 Exception <a 'java/lang/NoSuchMethodError'{0x000000008b07c610}: 'void java.lang.invoke.DirectMethodHandle$Holder.invokeStatic(java.lang.Object, java.lang.Object, java.lang.Object, java.lang.Object)'> (0x000000008b07c610) 
thrown [s\src\hotspot\share\interpreter\linkResolver.cpp, line 759]
Event: 0.602 Thread 0x0000020374a87c00 Exception <a 'java/lang/NoSuchMethodError'{0x000000008aa62c58}: 'java.lang.Object java.lang.invoke.DirectMethodHandle$Holder.invokeStaticInit(java.lang.Object, java.lang.Object, java.lang.Object, java.lang.Object)'> (0x000000008aa62c58) 
thrown [s\src\hotspot\share\interpreter\linkResolver.cpp, line 759]
Event: 0.604 Thread 0x0000020374a87c00 Exception <a 'java/lang/NullPointerException'{0x000000008aa6e880}> (0x000000008aa6e880) 
thrown [s\src\hotspot\share\interpreter\linkResolver.cpp, line 1350]
Event: 0.666 Thread 0x0000020374a87c00 Exception <a 'java/lang/ClassNotFoundException'{0x000000008bebf428}: com/sun/glass/ui/win/themes> (0x000000008bebf428) 
thrown [s\src\hotspot\share\prims\jni.cpp, line 535]
Event: 0.668 Thread 0x0000020374a87c00 Exception <a 'java/lang/ClassNotFoundException'{0x000000008becb860}: com/sun/glass/ui/win/themes_en> (0x000000008becb860) 
thrown [s\src\hotspot\share\prims\jni.cpp, line 535]
Event: 0.668 Thread 0x0000020374a87c00 Exception <a 'java/lang/ClassNotFoundException'{0x000000008bed38a8}: com/sun/glass/ui/win/themes_en_US> (0x000000008bed38a8) 
thrown [s\src\hotspot\share\prims\jni.cpp, line 535]
Event: 0.729 Thread 0x0000020374a87c00 Exception <a 'java/lang/NoSuchMethodError'{0x000000008b9fb3a8}: 'void java.lang.invoke.DirectMethodHandle$Holder.invokeStaticInit(java.lang.Object, java.lang.Object)'> (0x000000008b9fb3a8) 
thrown [s\src\hotspot\share\interpreter\linkResolver.cpp, line 759]
Event: 0.738 Thread 0x0000020374a87c00 Exception <a 'java/lang/NoSuchMethodError'{0x000000008b700a90}: 'void java.lang.invoke.DirectMethodHandle$Holder.invokeSpecial(java.lang.Object, java.lang.Object, java.lang.Object, java.lang.Object, java.lang.Object)'> (0x000000008b700a90) 
thrown [s\src\hotspot\share\interpreter\linkResolver.cpp, line 759]
Event: 0.797 Thread 0x0000020374a87c00 Implicit null exception at 0x0000020364a03c58 to 0x0000020364a03cea
Event: 0.812 Thread 0x0000020374a87c00 Implicit null exception at 0x0000020364a36e93 to 0x0000020364a372ac
Event: 0.813 Thread 0x0000020374a87c00 Implicit null exception at 0x0000020364a2dc93 to 0x0000020364a2e090

VM Operations (16 events):
Event: 0.158 Executing VM operation: HandshakeAllThreads
Event: 0.158 Executing VM operation: HandshakeAllThreads done
Event: 0.236 Executing VM operation: HandshakeAllThreads
Event: 0.236 Executing VM operation: HandshakeAllThreads done
Event: 0.417 Executing VM operation: HandshakeAllThreads
Event: 0.418 Executing VM operation: HandshakeAllThreads done
Event: 0.542 Executing VM operation: HandshakeAllThreads
Event: 0.542 Executing VM operation: HandshakeAllThreads done
Event: 0.623 Executing VM operation: ICBufferFull
Event: 0.624 Executing VM operation: ICBufferFull done
Event: 0.627 Executing VM operation: G1CollectForAllocation
Event: 0.631 Executing VM operation: G1CollectForAllocation done
Event: 0.645 Executing VM operation: HandshakeAllThreads
Event: 0.645 Executing VM operation: HandshakeAllThreads done
Event: 0.689 Executing VM operation: HandshakeAllThreads
Event: 0.689 Executing VM operation: HandshakeAllThreads done

Events (20 events):
Event: 0.786 loading class java/util/Hashtable$Enumerator
Event: 0.786 loading class java/util/Hashtable$Enumerator done
Event: 0.787 loading class java/util/ArrayList$ArrayListSpliterator
Event: 0.787 loading class java/util/ArrayList$ArrayListSpliterator done
Event: 0.787 loading class java/util/IdentityHashMap$Values
Event: 0.787 loading class java/util/IdentityHashMap$Values done
Event: 0.787 loading class java/util/logging/LogManager$4
Event: 0.787 loading class java/util/logging/LogManager$4 done
Event: 0.788 loading class sun/util/logging/internal/LoggingProviderImpl$JULWrapper
Event: 0.788 loading class sun/util/logging/PlatformLogger$ConfigurableBridge$LoggerConfiguration
Event: 0.788 loading class sun/util/logging/PlatformLogger$ConfigurableBridge$LoggerConfiguration done
Event: 0.788 loading class sun/util/logging/internal/LoggingProviderImpl$JULWrapper done
Event: 0.815 loading class java/io/BufferedReader
Event: 0.815 loading class java/io/BufferedReader done
Event: 0.815 loading class java/io/CharArrayReader
Event: 0.815 loading class java/io/CharArrayReader done
Event: 0.822 loading class java/lang/invoke/MethodHandle$1
Event: 0.822 loading class java/lang/invoke/MethodHandle$1 done
Event: 0.827 loading class java/lang/System$Logger$Level
Event: 0.827 loading class java/lang/System$Logger$Level done


Dynamic libraries:
0x00007ff7f5670000 - 0x00007ff7f567e000 	F:\Programs\eclipse\plugins\org.eclipse.justj.openjdk.hotspot.jre.full.win32.x86_64_17.0.4.v20220903-1038\jre\bin\javaw.exe
0x00007ffea0b70000 - 0x00007ffea0d68000 	C:\Windows\SYSTEM32\ntdll.dll
0x00007ffea09f0000 - 0x00007ffea0aad000 	C:\Windows\System32\KERNEL32.DLL
0x00007ffe9e650000 - 0x00007ffe9e946000 	C:\Windows\System32\KERNELBASE.dll
0x00007ffe9e550000 - 0x00007ffe9e650000 	C:\Windows\System32\ucrtbase.dll
0x00007ffe988e0000 - 0x00007ffe988f8000 	F:\Programs\eclipse\plugins\org.eclipse.justj.openjdk.hotspot.jre.full.win32.x86_64_17.0.4.v20220903-1038\jre\bin\jli.dll
0x00007ffe97350000 - 0x00007ffe97369000 	F:\Programs\eclipse\plugins\org.eclipse.justj.openjdk.hotspot.jre.full.win32.x86_64_17.0.4.v20220903-1038\jre\bin\VCRUNTIME140.dll
0x00007ffea0180000 - 0x00007ffea031e000 	C:\Windows\System32\USER32.dll
0x00007ffe9e370000 - 0x00007ffe9e392000 	C:\Windows\System32\win32u.dll
0x00007ffea0320000 - 0x00007ffea034c000 	C:\Windows\System32\GDI32.dll
0x00007ffe87e70000 - 0x00007ffe8810a000 	C:\Windows\WinSxS\amd64_microsoft.windows.common-controls_6595b64144ccf1df_6.0.19041.3636_none_60b6a03d71f818d5\COMCTL32.dll
0x00007ffe9e250000 - 0x00007ffe9e36a000 	C:\Windows\System32\gdi32full.dll
0x00007ffe9f7a0000 - 0x00007ffe9f83e000 	C:\Windows\System32\msvcrt.dll
0x00007ffe9eb00000 - 0x00007ffe9eb9d000 	C:\Windows\System32\msvcp_win.dll
0x00007ffea0350000 - 0x00007ffea0380000 	C:\Windows\System32\IMM32.DLL
0x00007ffe98bf0000 - 0x00007ffe98bfc000 	F:\Programs\eclipse\plugins\org.eclipse.justj.openjdk.hotspot.jre.full.win32.x86_64_17.0.4.v20220903-1038\jre\bin\vcruntime140_1.dll
0x00007ffe67960000 - 0x00007ffe679f1000 	F:\Programs\eclipse\plugins\org.eclipse.justj.openjdk.hotspot.jre.full.win32.x86_64_17.0.4.v20220903-1038\jre\bin\msvcp140.dll
0x00007ffe49450000 - 0x00007ffe4a096000 	F:\Programs\eclipse\plugins\org.eclipse.justj.openjdk.hotspot.jre.full.win32.x86_64_17.0.4.v20220903-1038\jre\bin\server\jvm.dll
0x00007ffea00c0000 - 0x00007ffea016f000 	C:\Windows\System32\ADVAPI32.dll
0x00007ffea0020000 - 0x00007ffea00bc000 	C:\Windows\System32\sechost.dll
0x00007ffe9ebd0000 - 0x00007ffe9ecf6000 	C:\Windows\System32\RPCRT4.dll
0x00007ffea09e0000 - 0x00007ffea09e8000 	C:\Windows\System32\PSAPI.DLL
0x00007ffe91470000 - 0x00007ffe91497000 	C:\Windows\SYSTEM32\WINMM.dll
0x00007ffe97cc0000 - 0x00007ffe97cc9000 	C:\Windows\SYSTEM32\WSOCK32.dll
0x00007ffe98050000 - 0x00007ffe9805a000 	C:\Windows\SYSTEM32\VERSION.dll
0x00007ffe9fb10000 - 0x00007ffe9fb7b000 	C:\Windows\System32\WS2_32.dll
0x00007ffe9ca60000 - 0x00007ffe9ca72000 	C:\Windows\SYSTEM32\kernel.appcore.dll
0x00007ffe94800000 - 0x00007ffe9480a000 	F:\Programs\eclipse\plugins\org.eclipse.justj.openjdk.hotspot.jre.full.win32.x86_64_17.0.4.v20220903-1038\jre\bin\jimage.dll
0x00007ffe9c760000 - 0x00007ffe9c944000 	C:\Windows\SYSTEM32\DBGHELP.DLL
0x00007ffe95ba0000 - 0x00007ffe95bd4000 	C:\Windows\SYSTEM32\dbgcore.DLL
0x00007ffe9e4c0000 - 0x00007ffe9e542000 	C:\Windows\System32\bcryptPrimitives.dll
0x00007ffe77600000 - 0x00007ffe77625000 	F:\Programs\eclipse\plugins\org.eclipse.justj.openjdk.hotspot.jre.full.win32.x86_64_17.0.4.v20220903-1038\jre\bin\java.dll
0x00007ffe81570000 - 0x00007ffe81588000 	F:\Programs\eclipse\plugins\org.eclipse.justj.openjdk.hotspot.jre.full.win32.x86_64_17.0.4.v20220903-1038\jre\bin\zip.dll
0x00007ffe9ed00000 - 0x00007ffe9f445000 	C:\Windows\System32\SHELL32.dll
0x00007ffe9bfc0000 - 0x00007ffe9c75b000 	C:\Windows\SYSTEM32\windows.storage.dll
0x00007ffe9fc30000 - 0x00007ffe9ff84000 	C:\Windows\System32\combase.dll
0x00007ffe9dc90000 - 0x00007ffe9dcbd000 	C:\Windows\SYSTEM32\Wldp.dll
0x00007ffe9fb80000 - 0x00007ffe9fc2d000 	C:\Windows\System32\SHCORE.dll
0x00007ffe9f970000 - 0x00007ffe9f9c5000 	C:\Windows\System32\shlwapi.dll
0x00007ffe9e180000 - 0x00007ffe9e1a5000 	C:\Windows\SYSTEM32\profapi.dll
0x00007ffe775e0000 - 0x00007ffe775f9000 	F:\Programs\eclipse\plugins\org.eclipse.justj.openjdk.hotspot.jre.full.win32.x86_64_17.0.4.v20220903-1038\jre\bin\net.dll
0x00007ffe98e00000 - 0x00007ffe98f0a000 	C:\Windows\SYSTEM32\WINHTTP.dll
0x00007ffe9d9f0000 - 0x00007ffe9da5a000 	C:\Windows\system32\mswsock.dll
0x00007ffe775c0000 - 0x00007ffe775d5000 	F:\Programs\eclipse\plugins\org.eclipse.justj.openjdk.hotspot.jre.full.win32.x86_64_17.0.4.v20220903-1038\jre\bin\nio.dll
0x0000020359800000 - 0x0000020359803000 	F:\Programs\javafx-sdk-21.0.1\bin\api-ms-win-core-console-l1-1-0.dll
0x0000020359810000 - 0x0000020359813000 	F:\Programs\javafx-sdk-21.0.1\bin\api-ms-win-core-console-l1-2-0.dll
0x0000020373740000 - 0x0000020373743000 	F:\Programs\javafx-sdk-21.0.1\bin\api-ms-win-core-datetime-l1-1-0.dll
0x0000020373750000 - 0x0000020373753000 	F:\Programs\javafx-sdk-21.0.1\bin\api-ms-win-core-debug-l1-1-0.dll
0x0000020373760000 - 0x0000020373763000 	F:\Programs\javafx-sdk-21.0.1\bin\api-ms-win-core-errorhandling-l1-1-0.dll
0x0000020373770000 - 0x0000020373774000 	F:\Programs\javafx-sdk-21.0.1\bin\api-ms-win-core-file-l1-1-0.dll
0x0000020373780000 - 0x0000020373783000 	F:\Programs\javafx-sdk-21.0.1\bin\api-ms-win-core-file-l1-2-0.dll
0x0000020373790000 - 0x0000020373793000 	F:\Programs\javafx-sdk-21.0.1\bin\api-ms-win-core-file-l2-1-0.dll
0x00000203737a0000 - 0x00000203737a3000 	F:\Programs\javafx-sdk-21.0.1\bin\api-ms-win-core-handle-l1-1-0.dll
0x00000203737b0000 - 0x00000203737b3000 	F:\Programs\javafx-sdk-21.0.1\bin\api-ms-win-core-heap-l1-1-0.dll
0x00000203737c0000 - 0x00000203737c3000 	F:\Programs\javafx-sdk-21.0.1\bin\api-ms-win-core-interlocked-l1-1-0.dll
0x00000203737d0000 - 0x00000203737d3000 	F:\Programs\javafx-sdk-21.0.1\bin\api-ms-win-core-libraryloader-l1-1-0.dll
0x00000203737e0000 - 0x00000203737e3000 	F:\Programs\javafx-sdk-21.0.1\bin\api-ms-win-core-localization-l1-2-0.dll
0x00000203737f0000 - 0x00000203737f3000 	F:\Programs\javafx-sdk-21.0.1\bin\api-ms-win-core-memory-l1-1-0.dll
0x0000020375bd0000 - 0x0000020375bd3000 	F:\Programs\javafx-sdk-21.0.1\bin\api-ms-win-core-namedpipe-l1-1-0.dll
0x0000020375be0000 - 0x0000020375be3000 	F:\Programs\javafx-sdk-21.0.1\bin\api-ms-win-core-processenvironment-l1-1-0.dll
0x0000020375bf0000 - 0x0000020375bf3000 	F:\Programs\javafx-sdk-21.0.1\bin\api-ms-win-core-processthreads-l1-1-0.dll
0x0000020375c00000 - 0x0000020375c03000 	F:\Programs\javafx-sdk-21.0.1\bin\api-ms-win-core-processthreads-l1-1-1.dll
0x0000020375c10000 - 0x0000020375c13000 	F:\Programs\javafx-sdk-21.0.1\bin\api-ms-win-core-profile-l1-1-0.dll
0x0000020375c20000 - 0x0000020375c23000 	F:\Programs\javafx-sdk-21.0.1\bin\api-ms-win-core-rtlsupport-l1-1-0.dll
0x0000020375c30000 - 0x0000020375c33000 	F:\Programs\javafx-sdk-21.0.1\bin\api-ms-win-core-string-l1-1-0.dll
0x0000020375c40000 - 0x0000020375c43000 	F:\Programs\javafx-sdk-21.0.1\bin\api-ms-win-core-synch-l1-1-0.dll
0x0000020375c50000 - 0x0000020375c53000 	F:\Programs\javafx-sdk-21.0.1\bin\api-ms-win-core-synch-l1-2-0.dll
0x0000020375c60000 - 0x0000020375c63000 	F:\Programs\javafx-sdk-21.0.1\bin\api-ms-win-core-sysinfo-l1-1-0.dll
0x0000020375c70000 - 0x0000020375c73000 	F:\Programs\javafx-sdk-21.0.1\bin\api-ms-win-core-timezone-l1-1-0.dll
0x0000020375c80000 - 0x0000020375c83000 	F:\Programs\javafx-sdk-21.0.1\bin\api-ms-win-core-util-l1-1-0.dll
0x0000020375c90000 - 0x0000020375c93000 	F:\Programs\javafx-sdk-21.0.1\bin\api-ms-win-crt-conio-l1-1-0.dll
0x0000020375ca0000 - 0x0000020375ca4000 	F:\Programs\javafx-sdk-21.0.1\bin\api-ms-win-crt-convert-l1-1-0.dll
0x0000020375cb0000 - 0x0000020375cb3000 	F:\Programs\javafx-sdk-21.0.1\bin\api-ms-win-crt-environment-l1-1-0.dll
0x0000020375cc0000 - 0x0000020375cc3000 	F:\Programs\javafx-sdk-21.0.1\bin\api-ms-win-crt-filesystem-l1-1-0.dll
0x0000020375cd0000 - 0x0000020375cd3000 	F:\Programs\javafx-sdk-21.0.1\bin\api-ms-win-crt-heap-l1-1-0.dll
0x0000020375ce0000 - 0x0000020375ce3000 	F:\Programs\javafx-sdk-21.0.1\bin\api-ms-win-crt-locale-l1-1-0.dll
0x0000020375cf0000 - 0x0000020375cf5000 	F:\Programs\javafx-sdk-21.0.1\bin\api-ms-win-crt-math-l1-1-0.dll
0x0000020375d00000 - 0x0000020375d05000 	F:\Programs\javafx-sdk-21.0.1\bin\api-ms-win-crt-multibyte-l1-1-0.dll
0x0000020375d10000 - 0x0000020375d20000 	F:\Programs\javafx-sdk-21.0.1\bin\api-ms-win-crt-private-l1-1-0.dll
0x0000020375d20000 - 0x0000020375d23000 	F:\Programs\javafx-sdk-21.0.1\bin\api-ms-win-crt-process-l1-1-0.dll
0x0000020375d30000 - 0x0000020375d34000 	F:\Programs\javafx-sdk-21.0.1\bin\api-ms-win-crt-runtime-l1-1-0.dll
0x0000020375d40000 - 0x0000020375d44000 	F:\Programs\javafx-sdk-21.0.1\bin\api-ms-win-crt-stdio-l1-1-0.dll
0x0000020375d50000 - 0x0000020375d54000 	F:\Programs\javafx-sdk-21.0.1\bin\api-ms-win-crt-string-l1-1-0.dll
0x0000020375d60000 - 0x0000020375d63000 	F:\Programs\javafx-sdk-21.0.1\bin\api-ms-win-crt-time-l1-1-0.dll
0x0000020375d70000 - 0x0000020375d73000 	F:\Programs\javafx-sdk-21.0.1\bin\api-ms-win-crt-utility-l1-1-0.dll
0x00007ffe66f80000 - 0x00007ffe6707c000 	F:\Programs\javafx-sdk-21.0.1\bin\ucrtbase.dll
0x00007ffe97b80000 - 0x00007ffe97b9b000 	F:\Programs\javafx-sdk-21.0.1\bin\vcruntime140.dll
0x00007ffe984a0000 - 0x00007ffe984ac000 	F:\Programs\javafx-sdk-21.0.1\bin\vcruntime140_1.dll
0x00007ffe69070000 - 0x00007ffe690fe000 	F:\Programs\javafx-sdk-21.0.1\bin\msvcp140.dll
0x00007ffe9f9e0000 - 0x00007ffe9fb0b000 	C:\Windows\System32\ole32.dll
0x00007ffe98440000 - 0x00007ffe98449000 	F:\Programs\javafx-sdk-21.0.1\bin\msvcp140_1.dll
0x00007ffe8c0f0000 - 0x00007ffe8c11f000 	F:\Programs\javafx-sdk-21.0.1\bin\msvcp140_2.dll
0x00007ffe8ae30000 - 0x00007ffe8ae5f000 	F:\Programs\javafx-sdk-21.0.1\bin\prism_d3d.dll
0x00007ffe284c0000 - 0x00007ffe2868d000 	C:\Windows\system32\d3d9.dll
0x00007ffe9b930000 - 0x00007ffe9b95f000 	C:\Windows\SYSTEM32\dwmapi.dll
0x00007ffe9b7b0000 - 0x00007ffe9b84e000 	C:\Windows\system32\uxtheme.dll
0x00007ffe412e0000 - 0x00007ffe4151f000 	C:\Windows\System32\DriverStore\FileRepository\iigd_dch.inf_amd64_4a9d9eeb2942de89\igdumdim64.dll
0x00007ffe3c160000 - 0x00007ffe3d4c4000 	C:\Windows\System32\DriverStore\FileRepository\iigd_dch.inf_amd64_4a9d9eeb2942de89\igd9dxva64.dll
0x00007ffe9f840000 - 0x00007ffe9f90d000 	C:\Windows\System32\OLEAUT32.dll
0x00007ffea04c0000 - 0x00007ffea092e000 	C:\Windows\System32\SETUPAPI.dll
0x00007ffe9e950000 - 0x00007ffe9e99e000 	C:\Windows\System32\cfgmgr32.dll
0x00007ffe9eba0000 - 0x00007ffe9ebc7000 	C:\Windows\System32\bcrypt.dll
0x00007ffe4b550000 - 0x00007ffe4d275000 	C:\Windows\System32\DriverStore\FileRepository\iigd_dch.inf_amd64_4a9d9eeb2942de89\media_bin_64.dll
0x00007ffe7e940000 - 0x00007ffe7ed7b000 	C:\Windows\System32\DriverStore\FileRepository\iigd_dch.inf_amd64_4a9d9eeb2942de89\igdgmm64.dll
0x00007ffe79e70000 - 0x00007ffe79eb2000 	F:\Programs\javafx-sdk-21.0.1\bin\glass.dll
0x00007ffea0380000 - 0x00007ffea045a000 	C:\Windows\System32\COMDLG32.dll
0x00007ffe9f680000 - 0x00007ffe9f794000 	C:\Windows\System32\MSCTF.dll
0x00007ffe51ff0000 - 0x00007ffe52017000 	C:\Windows\System32\DriverStore\FileRepository\iigd_dch.inf_amd64_4a9d9eeb2942de89\igdinfo64.dll
0x00007ffe7aa70000 - 0x00007ffe7e93b000 	C:\Windows\System32\DriverStore\FileRepository\iigd_dch.inf_amd64_4a9d9eeb2942de89\igc64.dll
0x00007ffe833c0000 - 0x00007ffe833fb000 	C:\Windows\SYSTEM32\dxcore.dll
0x00007ffe97330000 - 0x00007ffe97344000 	F:\Programs\javafx-sdk-21.0.1\bin\javafx_font.dll
0x00007ffe7a7f0000 - 0x00007ffe7aa6f000 	C:\Windows\SYSTEM32\dwrite.dll
0x00007ffea0930000 - 0x00007ffea09d9000 	C:\Windows\System32\clbcatq.dll
0x00007ffe82a20000 - 0x00007ffe82bd4000 	C:\Windows\SYSTEM32\WindowsCodecs.dll
0x00007ffe83970000 - 0x00007ffe839ae000 	C:\Windows\system32\dataexchange.dll
0x00007ffe9a9e0000 - 0x00007ffe9abc3000 	C:\Windows\system32\dcomp.dll
0x00007ffe9a310000 - 0x00007ffe9a573000 	C:\Windows\system32\d3d11.dll
0x00007ffe9cab0000 - 0x00007ffe9cba3000 	C:\Windows\system32\dxgi.dll
0x00007ffe96e30000 - 0x00007ffe97033000 	C:\Windows\system32\twinapi.appcore.dll
0x00007ffe82e30000 - 0x00007ffe82e64000 	C:\Program Files\Common Files\Microsoft Shared\Ink\rtscom.dll

dbghelp: loaded successfully - version: 4.0.5 - missing functions: none
symbol engine: initialized successfully - sym options: 0x614 - pdb path: .;F:\Programs\eclipse\plugins\org.eclipse.justj.openjdk.hotspot.jre.full.win32.x86_64_17.0.4.v20220903-1038\jre\bin;C:\Windows\SYSTEM32;C:\Windows\WinSxS\amd64_microsoft.windows.common-controls_6595b64144ccf1df_6.0.19041.3636_none_60b6a03d71f818d5;F:\Programs\eclipse\plugins\org.eclipse.justj.openjdk.hotspot.jre.full.win32.x86_64_17.0.4.v20220903-1038\jre\bin\server;F:\Programs\javafx-sdk-21.0.1\bin;C:\Windows\System32\DriverStore\FileRepository\iigd_dch.inf_amd64_4a9d9eeb2942de89;C:\Windows\System32\DriverStore\FileRepository\nvdm.inf_amd64_57c1b627406f35a7;C:\Program Files\Common Files\Microsoft Shared\Ink

VM Arguments:
jvm_args: --module-path=F:\Programs\javafx-sdk-21.0.1\lib --add-modules=javafx.graphics,javafx.fxml,javafx.controls -Dfile.encoding=UTF-8 -Dstdout.encoding=UTF-8 -Dstderr.encoding=UTF-8 -XX:+ShowCodeDetailsInExceptionMessages 
java_command: hust.soict.globalict.javafx.Painter
java_class_path (initial): F:\Programs\eclipse\workspace\IT3103-732871-2023.1-20214980.HoangToAn\GUIProject\bin;F:\Programs\javafx-sdk-21.0.1\lib\javafx.base.jar;F:\Programs\javafx-sdk-21.0.1\lib\javafx.controls.jar;F:\Programs\javafx-sdk-21.0.1\lib\javafx.fxml.jar;F:\Programs\javafx-sdk-21.0.1\lib\javafx.graphics.jar;F:\Programs\javafx-sdk-21.0.1\lib\javafx.media.jar;F:\Programs\javafx-sdk-21.0.1\lib\javafx.swing.jar;F:\Programs\javafx-sdk-21.0.1\lib\javafx.web.jar;F:\Programs\javafx-sdk-21.0.1\lib\javafx-swt.jar
Launcher Type: SUN_STANDARD

[Global flags]
     intx CICompilerCount                          = 4                                         {product} {ergonomic}
     uint ConcGCThreads                            = 2                                         {product} {ergonomic}
     uint G1ConcRefinementThreads                  = 8                                         {product} {ergonomic}
   size_t G1HeapRegionSize                         = 1048576                                   {product} {ergonomic}
    uintx GCDrainStackTargetSize                   = 64                                        {product} {ergonomic}
   size_t InitialHeapSize                          = 130023424                                 {product} {ergonomic}
   size_t MarkStackSize                            = 4194304                                   {product} {ergonomic}
   size_t MaxHeapSize                              = 2076180480                                {product} {ergonomic}
   size_t MaxNewSize                               = 1245708288                                {product} {ergonomic}
   size_t MinHeapDeltaBytes                        = 1048576                                   {product} {ergonomic}
   size_t MinHeapSize                              = 8388608                                   {product} {ergonomic}
    uintx NonNMethodCodeHeapSize                   = 5839372                                {pd product} {ergonomic}
    uintx NonProfiledCodeHeapSize                  = 122909434                              {pd product} {ergonomic}
    uintx ProfiledCodeHeapSize                     = 122909434                              {pd product} {ergonomic}
    uintx ReservedCodeCacheSize                    = 251658240                              {pd product} {ergonomic}
     bool SegmentedCodeCache                       = true                                      {product} {ergonomic}
     bool ShowCodeDetailsInExceptionMessages       = true                                   {manageable} {command line}
   size_t SoftMaxHeapSize                          = 2076180480                             {manageable} {ergonomic}
     bool UseCompressedClassPointers               = true                           {product lp64_product} {ergonomic}
     bool UseCompressedOops                        = true                           {product lp64_product} {ergonomic}
     bool UseG1GC                                  = true                                      {product} {ergonomic}
     bool UseLargePagesIndividualAllocation        = false                                  {pd product} {ergonomic}

Logging:
Log output configuration:
 #0: stdout all=warning uptime,level,tags
 #1: stderr all=off uptime,level,tags

Environment Variables:
PATH=F:/Programs/eclipse//plugins/org.eclipse.justj.openjdk.hotspot.jre.full.win32.x86_64_17.0.4.v20220903-1038/jre/bin/server;F:/Programs/eclipse//plugins/org.eclipse.justj.openjdk.hotspot.jre.full.win32.x86_64_17.0.4.v20220903-1038/jre/bin;C:\Program Files (x86)\Common Files\Oracle\Java\javapath;C:\Windows\system32;C:\Windows;C:\Windows\System32\Wbem;C:\Windows\System32\WindowsPowerShell\v1.0\;C:\Windows\System32\OpenSSH\;C:\Program Files\NVIDIA Corporation\NVIDIA NvDLISR;C:\Program Files\dotnet\;F:\Programs\Git\cmd;F:\Programs\PuTTY\;C:\Users\Admin\AppData\Local\Microsoft\WindowsApps;F:\Programs\Graphviz\bin;F:\Programs\eclipse;
USERNAME=Admin
OS=Windows_NT
PROCESSOR_IDENTIFIER=Intel64 Family 6 Model 140 Stepping 1, GenuineIntel
TMP=C:\Users\Admin\AppData\Local\Temp
TEMP=C:\Users\Admin\AppData\Local\Temp



---------------  S Y S T E M  ---------------

OS:
 Windows 10 , 64 bit Build 19041 (10.0.19041.3636)
OS uptime: 1 days 20:56 hours
Hyper-V role detected

CPU: total 8 (initial active 8) (4 cores per cpu, 2 threads per core) family 6 model 140 stepping 1 microcode 0xb4, cx8, cmov, fxsr, ht, mmx, 3dnowpref, sse, sse2, sse3, ssse3, sse4.1, sse4.2, popcnt, lzcnt, tsc, tscinvbit, avx, avx2, aes, erms, clmul, bmi1, bmi2, adx, avx512f, avx512dq, avx512cd, avx512bw, avx512vl, sha, fma, vzeroupper, avx512_vpopcntdq, avx512_vpclmulqdq, avx512_vaes, avx512_vnni, clflush, clflushopt, clwb, avx512_vbmi2, avx512_vbmi, hv

Memory: 4k page, system-wide physical 7914M (790M free)
TotalPageFile size 18286M (AvailPageFile size 4M)
current process WorkingSet (physical memory assigned to process): 126M, peak: 126M
current process commit charge ("private bytes"): 267M, peak: 268M

vm_info: OpenJDK 64-Bit Server VM (17.0.4.1+1) for windows-amd64 JRE (17.0.4.1+1), built on Aug 17 2022 07:42:43 by "temurin" with MS VC++ 16.7 (VS2019)

END.
