#
# There is insufficient memory for the Java Runtime Environment to continue.
# Native memory allocation (mmap) failed to map 65536 bytes for Failed to commit metaspace.
# Possible reasons:
#   The system is out of physical RAM or swap space
#   The process is running with CompressedOops enabled, and the Java Heap may be blocking the growth of the native heap
# Possible solutions:
#   Reduce memory load on the system
#   Increase physical memory or swap space
#   Check if swap backing store is full
#   Decrease Java heap size (-Xmx/-Xms)
#   Decrease number of Java threads
#   Decrease Java thread stack sizes (-Xss)
#   Set larger code cache with -XX:ReservedCodeCacheSize=
#   JVM is running with Unscaled Compressed Oops mode in which the Java heap is
#     placed in the first 4GB address space. The Java Heap base address is the
#     maximum limit for the native heap growth. Please use -XX:HeapBaseMinAddress
#     to set the Java Heap base and to place the Java Heap above 4GB virtual address.
# This output file may be truncated or incomplete.
#
#  Out of Memory Error (virtualSpaceNode.cpp:110), pid=16772, tid=20960
#
# JRE version: OpenJDK Runtime Environment Temurin-17.0.4.1+1 (17.0.4.1+1) (build 17.0.4.1+1)
# Java VM: OpenJDK 64-Bit Server VM Temurin-17.0.4.1+1 (17.0.4.1+1, mixed mode, tiered, compressed oops, compressed class ptrs, g1 gc, windows-amd64)
# No core dump will be written. Minidumps are not enabled by default on client versions of Windows
#

---------------  S U M M A R Y ------------

Command Line: --module-path=F:\Programs\javafx-sdk-21.0.1\lib --add-modules=javafx.base,javafx.controls,javafx.fxml,javafx.graphics,javafx.media,javafx.swing -Dfile.encoding=UTF-8 -XX:+ShowCodeDetailsInExceptionMessages hust.soict.globalict.aims.screen.StoreScreen

Host: 11th Gen Intel(R) Core(TM) i5-1135G7 @ 2.40GHz, 8 cores, 7G,  Windows 10 , 64 bit Build 19041 (10.0.19041.3636)
Time: Fri Dec 29 22:25:22 2023 SE Asia Standard Time elapsed time: 2.792659 seconds (0d 0h 0m 2s)

---------------  T H R E A D  ---------------

Current thread (0x0000019cca5d9880):  JavaThread "JavaFX Application Thread" [_thread_in_vm, id=20960, stack(0x0000002110200000,0x0000002110300000)]

Stack: [0x0000002110200000,0x0000002110300000]
Native frames: (J=compiled Java code, j=interpreted, Vv=VM code, C=native code)
V  [jvm.dll+0x67731a]
V  [jvm.dll+0x832284]
V  [jvm.dll+0x833a2e]
V  [jvm.dll+0x834093]
V  [jvm.dll+0x245775]
V  [jvm.dll+0x82e22b]
V  [jvm.dll+0x61bdf6]
V  [jvm.dll+0x1c07be]
V  [jvm.dll+0x61e741]
V  [jvm.dll+0x61c796]
V  [jvm.dll+0x23b2e7]
V  [jvm.dll+0x1e6243]
V  [jvm.dll+0x1eafe6]
V  [jvm.dll+0x1e09f1]
V  [jvm.dll+0x53c910]
V  [jvm.dll+0x7ad138]
V  [jvm.dll+0x7ad224]
V  [jvm.dll+0x40ccd5]
V  [jvm.dll+0x412ec8]
C  [java.dll+0x17ec]

Java frames: (J=compiled Java code, j=interpreted, Vv=VM code)
J 1313  java.lang.ClassLoader.defineClass1(Ljava/lang/ClassLoader;Ljava/lang/String;[BIILjava/security/ProtectionDomain;Ljava/lang/String;)Ljava/lang/Class; java.base@17.0.4.1 (0 bytes) @ 0x0000019cba80545b [0x0000019cba8053a0+0x00000000000000bb]
J 1412 c1 java.lang.ClassLoader.defineClass(Ljava/lang/String;[BIILjava/security/ProtectionDomain;)Ljava/lang/Class; java.base@17.0.4.1 (43 bytes) @ 0x0000019cb347c6c4 [0x0000019cb347c380+0x0000000000000344]
J 1438 c1 java.lang.ClassLoader.defineClass(Ljava/lang/String;Ljava/nio/ByteBuffer;Ljava/security/ProtectionDomain;)Ljava/lang/Class; java.base@17.0.4.1 (108 bytes) @ 0x0000019cb348b244 [0x0000019cb348aa00+0x0000000000000844]
J 1385 c1 java.security.SecureClassLoader.defineClass(Ljava/lang/String;Ljava/nio/ByteBuffer;Ljava/security/CodeSource;)Ljava/lang/Class; java.base@17.0.4.1 (12 bytes) @ 0x0000019cb347117c [0x0000019cb34710c0+0x00000000000000bc]
J 1383 c1 jdk.internal.loader.BuiltinClassLoader.defineClass(Ljava/lang/String;Ljdk/internal/loader/BuiltinClassLoader$LoadedModule;)Ljava/lang/Class; java.base@17.0.4.1 (162 bytes) @ 0x0000019cb346c9cc [0x0000019cb346afa0+0x0000000000001a2c]
J 1220 c1 jdk.internal.loader.BuiltinClassLoader.loadClassOrNull(Ljava/lang/String;Z)Ljava/lang/Class; java.base@17.0.4.1 (143 bytes) @ 0x0000019cb341642c [0x0000019cb3415e40+0x00000000000005ec]
J 1226 c1 jdk.internal.loader.ClassLoaders$AppClassLoader.loadClass(Ljava/lang/String;Z)Ljava/lang/Class; java.base@17.0.4.1 (40 bytes) @ 0x0000019cb3419874 [0x0000019cb3419260+0x0000000000000614]
J 1225 c1 java.lang.ClassLoader.loadClass(Ljava/lang/String;)Ljava/lang/Class; java.base@17.0.4.1 (7 bytes) @ 0x0000019cb3418ebc [0x0000019cb3418dc0+0x00000000000000fc]
v  ~StubRoutines::call_stub
j  com.sun.javafx.fxml.ModuleHelper.invoke(Ljava/lang/reflect/Method;Ljava/lang/Object;[Ljava/lang/Object;)Ljava/lang/Object;+76 javafx.fxml@21.0.1
j  com.sun.javafx.fxml.BeanAdapter.get(Ljava/lang/String;)Ljava/lang/Object;+43 javafx.fxml@21.0.1
j  com.sun.javafx.fxml.BeanAdapter.get(Ljava/lang/Object;)Ljava/lang/Object;+17 javafx.fxml@21.0.1
j  javafx.fxml.FXMLLoader$PropertyElement.<init>(Ljavafx/fxml/FXMLLoader;Ljava/lang/String;Ljava/lang/Class;)V+134 javafx.fxml@21.0.1
j  javafx.fxml.FXMLLoader.createElement()V+86 javafx.fxml@21.0.1
j  javafx.fxml.FXMLLoader.processStartElement()V+1 javafx.fxml@21.0.1
j  javafx.fxml.FXMLLoader.loadImpl(Ljava/io/InputStream;Ljava/lang/Class;)Ljava/lang/Object;+207 javafx.fxml@21.0.1
j  javafx.fxml.FXMLLoader.loadImpl(Ljava/lang/Class;)Ljava/lang/Object;+31 javafx.fxml@21.0.1
j  javafx.fxml.FXMLLoader.load()Ljava/lang/Object;+17 javafx.fxml@21.0.1
j  hust.soict.globalict.aims.screen.CartScreen$1.run()V+35
j  com.sun.javafx.application.PlatformImpl.lambda$runLater$10(Ljava/lang/Runnable;)Ljava/lang/Void;+1 javafx.graphics@21.0.1
j  com.sun.javafx.application.PlatformImpl$$Lambda$226+0x000000010020d8d0.run()Ljava/lang/Object;+4 javafx.graphics@21.0.1
J 924 c1 java.security.AccessController.executePrivileged(Ljava/security/PrivilegedAction;Ljava/security/AccessControlContext;Ljava/lang/Class;)Ljava/lang/Object; java.base@17.0.4.1 (65 bytes) @ 0x0000019cb33b9534 [0x0000019cb33b93e0+0x0000000000000154]
j  java.security.AccessController.doPrivileged(Ljava/security/PrivilegedAction;Ljava/security/AccessControlContext;)Ljava/lang/Object;+13 java.base@17.0.4.1
j  com.sun.javafx.application.PlatformImpl.lambda$runLater$11(Ljava/lang/Runnable;Ljava/security/AccessControlContext;)V+7 javafx.graphics@21.0.1
j  com.sun.javafx.application.PlatformImpl$$Lambda$225+0x000000010020d480.run()V+8 javafx.graphics@21.0.1
j  com.sun.glass.ui.InvokeLaterDispatcher$Future.run()V+4 javafx.graphics@21.0.1
v  ~StubRoutines::call_stub
j  com.sun.glass.ui.win.WinApplication._runLoop(Ljava/lang/Runnable;)V+0 javafx.graphics@21.0.1
j  com.sun.glass.ui.win.WinApplication.lambda$runLoop$3(ILjava/lang/Runnable;)V+8 javafx.graphics@21.0.1
j  com.sun.glass.ui.win.WinApplication$$Lambda$213+0x00000001001a2d10.run()V+12 javafx.graphics@21.0.1
j  java.lang.Thread.run()V+11 java.base@17.0.4.1
v  ~StubRoutines::call_stub

---------------  P R O C E S S  ---------------

Threads class SMR info:
_java_thread_list=0x0000019cca722a00, length=20, elements={
0x0000019cc93a9df0, 0x0000019cc93ad6e0, 0x0000019cc93f3440, 0x0000019cc9d110b0,
0x0000019cc9d14730, 0x0000019cc9d16db0, 0x0000019cc9d1de50, 0x0000019cc9d3e810,
0x0000019cc9d408c0, 0x0000019cc9347b90, 0x0000019cca209300, 0x0000019cca318cd0,
0x0000019cca408020, 0x0000019cca4084f0, 0x0000019cca1ce7b0, 0x0000019cca5da220,
0x0000019cca5dbf00, 0x0000019cca5d8ee0, 0x0000019cca5d9880, 0x0000019cca5d9d50
}

Java Threads: ( => current thread )
  0x0000019cc93a9df0 JavaThread "Reference Handler" daemon [_thread_blocked, id=12480, stack(0x000000210ef00000,0x000000210f000000)]
  0x0000019cc93ad6e0 JavaThread "Finalizer" daemon [_thread_blocked, id=12920, stack(0x000000210f000000,0x000000210f100000)]
  0x0000019cc93f3440 JavaThread "Signal Dispatcher" daemon [_thread_blocked, id=16120, stack(0x000000210f100000,0x000000210f200000)]
  0x0000019cc9d110b0 JavaThread "Attach Listener" daemon [_thread_blocked, id=21008, stack(0x000000210f200000,0x000000210f300000)]
  0x0000019cc9d14730 JavaThread "Service Thread" daemon [_thread_blocked, id=2324, stack(0x000000210f300000,0x000000210f400000)]
  0x0000019cc9d16db0 JavaThread "Monitor Deflation Thread" daemon [_thread_blocked, id=10548, stack(0x000000210f400000,0x000000210f500000)]
  0x0000019cc9d1de50 JavaThread "C2 CompilerThread0" daemon [_thread_blocked, id=3532, stack(0x000000210f500000,0x000000210f600000)]
  0x0000019cc9d3e810 JavaThread "C1 CompilerThread0" daemon [_thread_blocked, id=18636, stack(0x000000210f600000,0x000000210f700000)]
  0x0000019cc9d408c0 JavaThread "Sweeper thread" daemon [_thread_blocked, id=17904, stack(0x000000210f700000,0x000000210f800000)]
  0x0000019cc9347b90 JavaThread "Common-Cleaner" daemon [_thread_blocked, id=16368, stack(0x000000210f800000,0x000000210f900000)]
  0x0000019cca209300 JavaThread "Notification Thread" daemon [_thread_blocked, id=5316, stack(0x000000210fb00000,0x000000210fc00000)]
  0x0000019cca318cd0 JavaThread "Java2D Disposer" daemon [_thread_blocked, id=12568, stack(0x000000210fd00000,0x000000210fe00000)]
  0x0000019cca408020 JavaThread "AWT-Shutdown" [_thread_blocked, id=6600, stack(0x000000210fe00000,0x000000210ff00000)]
  0x0000019cca4084f0 JavaThread "AWT-Windows" daemon [_thread_in_native, id=19256, stack(0x000000210ff00000,0x0000002110000000)]
  0x0000019cca1ce7b0 JavaThread "AWT-EventQueue-0" [_thread_blocked, id=10720, stack(0x000000210f900000,0x000000210fa00000)]
  0x0000019cca5da220 JavaThread "DestroyJavaVM" [_thread_blocked, id=18336, stack(0x000000210e800000,0x000000210e900000)]
  0x0000019cca5dbf00 JavaThread "QuantumRenderer-0" daemon [_thread_blocked, id=15136, stack(0x0000002110000000,0x0000002110100000)]
  0x0000019cca5d8ee0 JavaThread "InvokeLaterDispatcher" daemon [_thread_blocked, id=888, stack(0x0000002110100000,0x0000002110200000)]
=>0x0000019cca5d9880 JavaThread "JavaFX Application Thread" [_thread_in_vm, id=20960, stack(0x0000002110200000,0x0000002110300000)]
  0x0000019cca5d9d50 JavaThread "Thread-2" daemon [_thread_in_native, id=9316, stack(0x000000210fa00000,0x000000210fb00000)]

Other Threads:
  0x0000019cc93c4c40 VMThread "VM Thread" [stack: 0x000000210ee00000,0x000000210ef00000] [id=18828]
  0x0000019cca116d50 WatcherThread [stack: 0x000000210fc00000,0x000000210fd00000] [id=7972]
  0x0000019caf658e40 GCTaskThread "GC Thread#0" [stack: 0x000000210e900000,0x000000210ea00000] [id=21276]
  0x0000019cca8c7630 GCTaskThread "GC Thread#1" [stack: 0x0000002110300000,0x0000002110400000] [id=13004]
  0x0000019cca8ca940 GCTaskThread "GC Thread#2" [stack: 0x0000002110400000,0x0000002110500000] [id=16844]
  0x0000019cca8f6880 GCTaskThread "GC Thread#3" [stack: 0x0000002110500000,0x0000002110600000] [id=8848]
  0x0000019cca8f6b30 GCTaskThread "GC Thread#4" [stack: 0x0000002110600000,0x0000002110700000] [id=3492]
  0x0000019cd0017390 GCTaskThread "GC Thread#5" [stack: 0x0000002110700000,0x0000002110800000] [id=20520]
  0x0000019cd001a910 GCTaskThread "GC Thread#6" [stack: 0x0000002110800000,0x0000002110900000] [id=8332]
  0x0000019cd001abc0 GCTaskThread "GC Thread#7" [stack: 0x0000002110900000,0x0000002110a00000] [id=20408]
  0x0000019caf66abb0 ConcurrentGCThread "G1 Main Marker" [stack: 0x000000210ea00000,0x000000210eb00000] [id=17436]
  0x0000019caf66b4c0 ConcurrentGCThread "G1 Conc#0" [stack: 0x000000210eb00000,0x000000210ec00000] [id=9232]
  0x0000019caf6d3bc0 ConcurrentGCThread "G1 Refine#0" [stack: 0x000000210ec00000,0x000000210ed00000] [id=21004]
  0x0000019cc92105e0 ConcurrentGCThread "G1 Service" [stack: 0x000000210ed00000,0x000000210ee00000] [id=4916]

Threads with active compile tasks:

VM state: not at safepoint (normal execution)

VM Mutex/Monitor currently owned by a thread:  ([mutex/lock_event])
[0x0000019caf5f55d0] Metaspace_lock - owner thread: 0x0000019cca5d9880

Heap address: 0x0000000084400000, size: 1980 MB, Compressed Oops mode: 32-bit

CDS archive(s) not mapped
Compressed class space mapped at: 0x0000000100000000-0x0000000140000000, reserved size: 1073741824
Narrow klass base: 0x0000000000000000, Narrow klass shift: 3, Narrow klass range: 0x140000000

GC Precious Log:
 CPUs: 8 total, 8 available
 Memory: 7914M
 Large Page Support: Disabled
 NUMA Support: Disabled
 Compressed Oops: Enabled (32-bit)
 Heap Region Size: 1M
 Heap Min Capacity: 8M
 Heap Initial Capacity: 124M
 Heap Max Capacity: 1980M
 Pre-touch: Disabled
 Parallel Workers: 8
 Concurrent Workers: 2
 Concurrent Refinement Workers: 8
 Periodic GC: Disabled

Heap:
 garbage-first heap   total 126976K, used 14616K [0x0000000084400000, 0x0000000100000000)
  region size 1024K, 8 young (8192K), 3 survivors (3072K)
 Metaspace       used 19811K, committed 19968K, reserved 1073152K
  class space    used 2130K, committed 2240K, reserved 1048576K

Heap Regions: E=young(eden), S=young(survivor), O=old, HS=humongous(starts), HC=humongous(continues), CS=collection set, F=free, OA=open archive, CA=closed archive, TAMS=top-at-mark-start (previous, next)
|   0|0x0000000084400000, 0x0000000084500000, 0x0000000084500000|100%|HS|  |TAMS 0x0000000084400000, 0x0000000084400000| Complete 
|   1|0x0000000084500000, 0x0000000084600000, 0x0000000084600000|100%|HC|  |TAMS 0x0000000084500000, 0x0000000084500000| Complete 
|   2|0x0000000084600000, 0x0000000084700000, 0x0000000084700000|100%|HC|  |TAMS 0x0000000084600000, 0x0000000084600000| Complete 
|   3|0x0000000084700000, 0x0000000084800000, 0x0000000084800000|100%|HC|  |TAMS 0x0000000084700000, 0x0000000084700000| Complete 
|   4|0x0000000084800000, 0x0000000084900000, 0x0000000084900000|100%|HC|  |TAMS 0x0000000084800000, 0x0000000084800000| Complete 
|   5|0x0000000084900000, 0x0000000084a00000, 0x0000000084a00000|100%|HC|  |TAMS 0x0000000084900000, 0x0000000084900000| Complete 
|   6|0x0000000084a00000, 0x0000000084b00000, 0x0000000084b00000|100%|HC|  |TAMS 0x0000000084a00000, 0x0000000084a00000| Complete 
|   7|0x0000000084b00000, 0x0000000084b46000, 0x0000000084c00000| 27%| O|  |TAMS 0x0000000084b00000, 0x0000000084b00000| Untracked 
|   8|0x0000000084c00000, 0x0000000084c00000, 0x0000000084d00000|  0%| F|  |TAMS 0x0000000084c00000, 0x0000000084c00000| Untracked 
|   9|0x0000000084d00000, 0x0000000084d00000, 0x0000000084e00000|  0%| F|  |TAMS 0x0000000084d00000, 0x0000000084d00000| Untracked 
|  10|0x0000000084e00000, 0x0000000084e00000, 0x0000000084f00000|  0%| F|  |TAMS 0x0000000084e00000, 0x0000000084e00000| Untracked 
|  11|0x0000000084f00000, 0x0000000084f00000, 0x0000000085000000|  0%| F|  |TAMS 0x0000000084f00000, 0x0000000084f00000| Untracked 
|  12|0x0000000085000000, 0x0000000085000000, 0x0000000085100000|  0%| F|  |TAMS 0x0000000085000000, 0x0000000085000000| Untracked 
|  13|0x0000000085100000, 0x0000000085100000, 0x0000000085200000|  0%| F|  |TAMS 0x0000000085100000, 0x0000000085100000| Untracked 
|  14|0x0000000085200000, 0x0000000085200000, 0x0000000085300000|  0%| F|  |TAMS 0x0000000085200000, 0x0000000085200000| Untracked 
|  15|0x0000000085300000, 0x0000000085300000, 0x0000000085400000|  0%| F|  |TAMS 0x0000000085300000, 0x0000000085300000| Untracked 
|  16|0x0000000085400000, 0x0000000085400000, 0x0000000085500000|  0%| F|  |TAMS 0x0000000085400000, 0x0000000085400000| Untracked 
|  17|0x0000000085500000, 0x0000000085500000, 0x0000000085600000|  0%| F|  |TAMS 0x0000000085500000, 0x0000000085500000| Untracked 
|  18|0x0000000085600000, 0x0000000085600000, 0x0000000085700000|  0%| F|  |TAMS 0x0000000085600000, 0x0000000085600000| Untracked 
|  19|0x0000000085700000, 0x0000000085700000, 0x0000000085800000|  0%| F|  |TAMS 0x0000000085700000, 0x0000000085700000| Untracked 
|  20|0x0000000085800000, 0x0000000085800000, 0x0000000085900000|  0%| F|  |TAMS 0x0000000085800000, 0x0000000085800000| Untracked 
|  21|0x0000000085900000, 0x0000000085900000, 0x0000000085a00000|  0%| F|  |TAMS 0x0000000085900000, 0x0000000085900000| Untracked 
|  22|0x0000000085a00000, 0x0000000085a00000, 0x0000000085b00000|  0%| F|  |TAMS 0x0000000085a00000, 0x0000000085a00000| Untracked 
|  23|0x0000000085b00000, 0x0000000085b00000, 0x0000000085c00000|  0%| F|  |TAMS 0x0000000085b00000, 0x0000000085b00000| Untracked 
|  24|0x0000000085c00000, 0x0000000085c00000, 0x0000000085d00000|  0%| F|  |TAMS 0x0000000085c00000, 0x0000000085c00000| Untracked 
|  25|0x0000000085d00000, 0x0000000085d00000, 0x0000000085e00000|  0%| F|  |TAMS 0x0000000085d00000, 0x0000000085d00000| Untracked 
|  26|0x0000000085e00000, 0x0000000085e00000, 0x0000000085f00000|  0%| F|  |TAMS 0x0000000085e00000, 0x0000000085e00000| Untracked 
|  27|0x0000000085f00000, 0x0000000085f00000, 0x0000000086000000|  0%| F|  |TAMS 0x0000000085f00000, 0x0000000085f00000| Untracked 
|  28|0x0000000086000000, 0x0000000086000000, 0x0000000086100000|  0%| F|  |TAMS 0x0000000086000000, 0x0000000086000000| Untracked 
|  29|0x0000000086100000, 0x0000000086100000, 0x0000000086200000|  0%| F|  |TAMS 0x0000000086100000, 0x0000000086100000| Untracked 
|  30|0x0000000086200000, 0x0000000086200000, 0x0000000086300000|  0%| F|  |TAMS 0x0000000086200000, 0x0000000086200000| Untracked 
|  31|0x0000000086300000, 0x0000000086300000, 0x0000000086400000|  0%| F|  |TAMS 0x0000000086300000, 0x0000000086300000| Untracked 
|  32|0x0000000086400000, 0x0000000086400000, 0x0000000086500000|  0%| F|  |TAMS 0x0000000086400000, 0x0000000086400000| Untracked 
|  33|0x0000000086500000, 0x0000000086500000, 0x0000000086600000|  0%| F|  |TAMS 0x0000000086500000, 0x0000000086500000| Untracked 
|  34|0x0000000086600000, 0x0000000086600000, 0x0000000086700000|  0%| F|  |TAMS 0x0000000086600000, 0x0000000086600000| Untracked 
|  35|0x0000000086700000, 0x0000000086700000, 0x0000000086800000|  0%| F|  |TAMS 0x0000000086700000, 0x0000000086700000| Untracked 
|  36|0x0000000086800000, 0x0000000086800000, 0x0000000086900000|  0%| F|  |TAMS 0x0000000086800000, 0x0000000086800000| Untracked 
|  37|0x0000000086900000, 0x0000000086900000, 0x0000000086a00000|  0%| F|  |TAMS 0x0000000086900000, 0x0000000086900000| Untracked 
|  38|0x0000000086a00000, 0x0000000086a00000, 0x0000000086b00000|  0%| F|  |TAMS 0x0000000086a00000, 0x0000000086a00000| Untracked 
|  39|0x0000000086b00000, 0x0000000086b00000, 0x0000000086c00000|  0%| F|  |TAMS 0x0000000086b00000, 0x0000000086b00000| Untracked 
|  40|0x0000000086c00000, 0x0000000086c00000, 0x0000000086d00000|  0%| F|  |TAMS 0x0000000086c00000, 0x0000000086c00000| Untracked 
|  41|0x0000000086d00000, 0x0000000086d00000, 0x0000000086e00000|  0%| F|  |TAMS 0x0000000086d00000, 0x0000000086d00000| Untracked 
|  42|0x0000000086e00000, 0x0000000086e00000, 0x0000000086f00000|  0%| F|  |TAMS 0x0000000086e00000, 0x0000000086e00000| Untracked 
|  43|0x0000000086f00000, 0x0000000086f00000, 0x0000000087000000|  0%| F|  |TAMS 0x0000000086f00000, 0x0000000086f00000| Untracked 
|  44|0x0000000087000000, 0x0000000087000000, 0x0000000087100000|  0%| F|  |TAMS 0x0000000087000000, 0x0000000087000000| Untracked 
|  45|0x0000000087100000, 0x0000000087100000, 0x0000000087200000|  0%| F|  |TAMS 0x0000000087100000, 0x0000000087100000| Untracked 
|  46|0x0000000087200000, 0x0000000087200000, 0x0000000087300000|  0%| F|  |TAMS 0x0000000087200000, 0x0000000087200000| Untracked 
|  47|0x0000000087300000, 0x0000000087300000, 0x0000000087400000|  0%| F|  |TAMS 0x0000000087300000, 0x0000000087300000| Untracked 
|  48|0x0000000087400000, 0x0000000087400000, 0x0000000087500000|  0%| F|  |TAMS 0x0000000087400000, 0x0000000087400000| Untracked 
|  49|0x0000000087500000, 0x0000000087500000, 0x0000000087600000|  0%| F|  |TAMS 0x0000000087500000, 0x0000000087500000| Untracked 
|  50|0x0000000087600000, 0x0000000087600000, 0x0000000087700000|  0%| F|  |TAMS 0x0000000087600000, 0x0000000087600000| Untracked 
|  51|0x0000000087700000, 0x0000000087700000, 0x0000000087800000|  0%| F|  |TAMS 0x0000000087700000, 0x0000000087700000| Untracked 
|  52|0x0000000087800000, 0x0000000087800000, 0x0000000087900000|  0%| F|  |TAMS 0x0000000087800000, 0x0000000087800000| Untracked 
|  53|0x0000000087900000, 0x0000000087900000, 0x0000000087a00000|  0%| F|  |TAMS 0x0000000087900000, 0x0000000087900000| Untracked 
|  54|0x0000000087a00000, 0x0000000087a00000, 0x0000000087b00000|  0%| F|  |TAMS 0x0000000087a00000, 0x0000000087a00000| Untracked 
|  55|0x0000000087b00000, 0x0000000087b00000, 0x0000000087c00000|  0%| F|  |TAMS 0x0000000087b00000, 0x0000000087b00000| Untracked 
|  56|0x0000000087c00000, 0x0000000087c00000, 0x0000000087d00000|  0%| F|  |TAMS 0x0000000087c00000, 0x0000000087c00000| Untracked 
|  57|0x0000000087d00000, 0x0000000087d00000, 0x0000000087e00000|  0%| F|  |TAMS 0x0000000087d00000, 0x0000000087d00000| Untracked 
|  58|0x0000000087e00000, 0x0000000087e00000, 0x0000000087f00000|  0%| F|  |TAMS 0x0000000087e00000, 0x0000000087e00000| Untracked 
|  59|0x0000000087f00000, 0x0000000087f00000, 0x0000000088000000|  0%| F|  |TAMS 0x0000000087f00000, 0x0000000087f00000| Untracked 
|  60|0x0000000088000000, 0x0000000088000000, 0x0000000088100000|  0%| F|  |TAMS 0x0000000088000000, 0x0000000088000000| Untracked 
|  61|0x0000000088100000, 0x0000000088100000, 0x0000000088200000|  0%| F|  |TAMS 0x0000000088100000, 0x0000000088100000| Untracked 
|  62|0x0000000088200000, 0x0000000088200000, 0x0000000088300000|  0%| F|  |TAMS 0x0000000088200000, 0x0000000088200000| Untracked 
|  63|0x0000000088300000, 0x0000000088300000, 0x0000000088400000|  0%| F|  |TAMS 0x0000000088300000, 0x0000000088300000| Untracked 
|  64|0x0000000088400000, 0x0000000088400000, 0x0000000088500000|  0%| F|  |TAMS 0x0000000088400000, 0x0000000088400000| Untracked 
|  65|0x0000000088500000, 0x0000000088500000, 0x0000000088600000|  0%| F|  |TAMS 0x0000000088500000, 0x0000000088500000| Untracked 
|  66|0x0000000088600000, 0x0000000088600000, 0x0000000088700000|  0%| F|  |TAMS 0x0000000088600000, 0x0000000088600000| Untracked 
|  67|0x0000000088700000, 0x0000000088700000, 0x0000000088800000|  0%| F|  |TAMS 0x0000000088700000, 0x0000000088700000| Untracked 
|  68|0x0000000088800000, 0x0000000088800000, 0x0000000088900000|  0%| F|  |TAMS 0x0000000088800000, 0x0000000088800000| Untracked 
|  69|0x0000000088900000, 0x0000000088900000, 0x0000000088a00000|  0%| F|  |TAMS 0x0000000088900000, 0x0000000088900000| Untracked 
|  70|0x0000000088a00000, 0x0000000088a00000, 0x0000000088b00000|  0%| F|  |TAMS 0x0000000088a00000, 0x0000000088a00000| Untracked 
|  71|0x0000000088b00000, 0x0000000088b00000, 0x0000000088c00000|  0%| F|  |TAMS 0x0000000088b00000, 0x0000000088b00000| Untracked 
|  72|0x0000000088c00000, 0x0000000088c00000, 0x0000000088d00000|  0%| F|  |TAMS 0x0000000088c00000, 0x0000000088c00000| Untracked 
|  73|0x0000000088d00000, 0x0000000088d00000, 0x0000000088e00000|  0%| F|  |TAMS 0x0000000088d00000, 0x0000000088d00000| Untracked 
|  74|0x0000000088e00000, 0x0000000088e00000, 0x0000000088f00000|  0%| F|  |TAMS 0x0000000088e00000, 0x0000000088e00000| Untracked 
|  75|0x0000000088f00000, 0x0000000088f00000, 0x0000000089000000|  0%| F|  |TAMS 0x0000000088f00000, 0x0000000088f00000| Untracked 
|  76|0x0000000089000000, 0x0000000089000000, 0x0000000089100000|  0%| F|  |TAMS 0x0000000089000000, 0x0000000089000000| Untracked 
|  77|0x0000000089100000, 0x0000000089100000, 0x0000000089200000|  0%| F|  |TAMS 0x0000000089100000, 0x0000000089100000| Untracked 
|  78|0x0000000089200000, 0x0000000089200000, 0x0000000089300000|  0%| F|  |TAMS 0x0000000089200000, 0x0000000089200000| Untracked 
|  79|0x0000000089300000, 0x0000000089300000, 0x0000000089400000|  0%| F|  |TAMS 0x0000000089300000, 0x0000000089300000| Untracked 
|  80|0x0000000089400000, 0x0000000089400000, 0x0000000089500000|  0%| F|  |TAMS 0x0000000089400000, 0x0000000089400000| Untracked 
|  81|0x0000000089500000, 0x0000000089500000, 0x0000000089600000|  0%| F|  |TAMS 0x0000000089500000, 0x0000000089500000| Untracked 
|  82|0x0000000089600000, 0x0000000089600000, 0x0000000089700000|  0%| F|  |TAMS 0x0000000089600000, 0x0000000089600000| Untracked 
|  83|0x0000000089700000, 0x0000000089700000, 0x0000000089800000|  0%| F|  |TAMS 0x0000000089700000, 0x0000000089700000| Untracked 
|  84|0x0000000089800000, 0x0000000089800000, 0x0000000089900000|  0%| F|  |TAMS 0x0000000089800000, 0x0000000089800000| Untracked 
|  85|0x0000000089900000, 0x0000000089900000, 0x0000000089a00000|  0%| F|  |TAMS 0x0000000089900000, 0x0000000089900000| Untracked 
|  86|0x0000000089a00000, 0x0000000089a00000, 0x0000000089b00000|  0%| F|  |TAMS 0x0000000089a00000, 0x0000000089a00000| Untracked 
|  87|0x0000000089b00000, 0x0000000089b00000, 0x0000000089c00000|  0%| F|  |TAMS 0x0000000089b00000, 0x0000000089b00000| Untracked 
|  88|0x0000000089c00000, 0x0000000089c00000, 0x0000000089d00000|  0%| F|  |TAMS 0x0000000089c00000, 0x0000000089c00000| Untracked 
|  89|0x0000000089d00000, 0x0000000089d00000, 0x0000000089e00000|  0%| F|  |TAMS 0x0000000089d00000, 0x0000000089d00000| Untracked 
|  90|0x0000000089e00000, 0x0000000089e00000, 0x0000000089f00000|  0%| F|  |TAMS 0x0000000089e00000, 0x0000000089e00000| Untracked 
|  91|0x0000000089f00000, 0x0000000089f00000, 0x000000008a000000|  0%| F|  |TAMS 0x0000000089f00000, 0x0000000089f00000| Untracked 
|  92|0x000000008a000000, 0x000000008a000000, 0x000000008a100000|  0%| F|  |TAMS 0x000000008a000000, 0x000000008a000000| Untracked 
|  93|0x000000008a100000, 0x000000008a100000, 0x000000008a200000|  0%| F|  |TAMS 0x000000008a100000, 0x000000008a100000| Untracked 
|  94|0x000000008a200000, 0x000000008a200000, 0x000000008a300000|  0%| F|  |TAMS 0x000000008a200000, 0x000000008a200000| Untracked 
|  95|0x000000008a300000, 0x000000008a300000, 0x000000008a400000|  0%| F|  |TAMS 0x000000008a300000, 0x000000008a300000| Untracked 
|  96|0x000000008a400000, 0x000000008a400000, 0x000000008a500000|  0%| F|  |TAMS 0x000000008a400000, 0x000000008a400000| Untracked 
|  97|0x000000008a500000, 0x000000008a500000, 0x000000008a600000|  0%| F|  |TAMS 0x000000008a500000, 0x000000008a500000| Untracked 
|  98|0x000000008a600000, 0x000000008a700000, 0x000000008a700000|100%| S|CS|TAMS 0x000000008a600000, 0x000000008a600000| Complete 
|  99|0x000000008a700000, 0x000000008a800000, 0x000000008a800000|100%| S|CS|TAMS 0x000000008a700000, 0x000000008a700000| Complete 
| 100|0x000000008a800000, 0x000000008a900000, 0x000000008a900000|100%| S|CS|TAMS 0x000000008a800000, 0x000000008a800000| Complete 
| 101|0x000000008a900000, 0x000000008a900000, 0x000000008aa00000|  0%| F|  |TAMS 0x000000008a900000, 0x000000008a900000| Untracked 
| 102|0x000000008aa00000, 0x000000008aa00000, 0x000000008ab00000|  0%| F|  |TAMS 0x000000008aa00000, 0x000000008aa00000| Untracked 
| 103|0x000000008ab00000, 0x000000008ab00000, 0x000000008ac00000|  0%| F|  |TAMS 0x000000008ab00000, 0x000000008ab00000| Untracked 
| 104|0x000000008ac00000, 0x000000008ac00000, 0x000000008ad00000|  0%| F|  |TAMS 0x000000008ac00000, 0x000000008ac00000| Untracked 
| 105|0x000000008ad00000, 0x000000008ad00000, 0x000000008ae00000|  0%| F|  |TAMS 0x000000008ad00000, 0x000000008ad00000| Untracked 
| 106|0x000000008ae00000, 0x000000008ae00000, 0x000000008af00000|  0%| F|  |TAMS 0x000000008ae00000, 0x000000008ae00000| Untracked 
| 107|0x000000008af00000, 0x000000008af00000, 0x000000008b000000|  0%| F|  |TAMS 0x000000008af00000, 0x000000008af00000| Untracked 
| 108|0x000000008b000000, 0x000000008b000000, 0x000000008b100000|  0%| F|  |TAMS 0x000000008b000000, 0x000000008b000000| Untracked 
| 109|0x000000008b100000, 0x000000008b100000, 0x000000008b200000|  0%| F|  |TAMS 0x000000008b100000, 0x000000008b100000| Untracked 
| 110|0x000000008b200000, 0x000000008b200000, 0x000000008b300000|  0%| F|  |TAMS 0x000000008b200000, 0x000000008b200000| Untracked 
| 111|0x000000008b300000, 0x000000008b300000, 0x000000008b400000|  0%| F|  |TAMS 0x000000008b300000, 0x000000008b300000| Untracked 
| 112|0x000000008b400000, 0x000000008b400000, 0x000000008b500000|  0%| F|  |TAMS 0x000000008b400000, 0x000000008b400000| Untracked 
| 113|0x000000008b500000, 0x000000008b500000, 0x000000008b600000|  0%| F|  |TAMS 0x000000008b500000, 0x000000008b500000| Untracked 
| 114|0x000000008b600000, 0x000000008b600000, 0x000000008b700000|  0%| F|  |TAMS 0x000000008b600000, 0x000000008b600000| Untracked 
| 115|0x000000008b700000, 0x000000008b700000, 0x000000008b800000|  0%| F|  |TAMS 0x000000008b700000, 0x000000008b700000| Untracked 
| 116|0x000000008b800000, 0x000000008b800000, 0x000000008b900000|  0%| F|  |TAMS 0x000000008b800000, 0x000000008b800000| Untracked 
| 117|0x000000008b900000, 0x000000008b900000, 0x000000008ba00000|  0%| F|  |TAMS 0x000000008b900000, 0x000000008b900000| Untracked 
| 118|0x000000008ba00000, 0x000000008ba00000, 0x000000008bb00000|  0%| F|  |TAMS 0x000000008ba00000, 0x000000008ba00000| Untracked 
| 119|0x000000008bb00000, 0x000000008bb57cd8, 0x000000008bc00000| 34%| E|  |TAMS 0x000000008bb00000, 0x000000008bb00000| Complete 
| 120|0x000000008bc00000, 0x000000008bd00000, 0x000000008bd00000|100%| E|CS|TAMS 0x000000008bc00000, 0x000000008bc00000| Complete 
| 121|0x000000008bd00000, 0x000000008be00000, 0x000000008be00000|100%| E|CS|TAMS 0x000000008bd00000, 0x000000008bd00000| Complete 
| 122|0x000000008be00000, 0x000000008bf00000, 0x000000008bf00000|100%| E|CS|TAMS 0x000000008be00000, 0x000000008be00000| Complete 
| 123|0x000000008bf00000, 0x000000008c000000, 0x000000008c000000|100%| E|CS|TAMS 0x000000008bf00000, 0x000000008bf00000| Complete 

Card table byte_map: [0x0000019cc23e0000,0x0000019cc27c0000] _byte_map_base: 0x0000019cc1fbe000

Marking Bits (Prev, Next): (CMBitMap*) 0x0000019caf65a360, (CMBitMap*) 0x0000019caf65a3a0
 Prev Bits: [0x0000019cc2ba0000, 0x0000019cc4a90000)
 Next Bits: [0x0000019cc4a90000, 0x0000019cc6980000)

Polling page: 0x0000019cad560000

Metaspace:

Usage:
  Non-class:     17.27 MB used.
      Class:      2.08 MB used.
       Both:     19.35 MB used.

Virtual space:
  Non-class space:       24.00 MB reserved,      17.31 MB ( 72%) committed,  3 nodes.
      Class space:        1.00 GB reserved,       2.19 MB ( <1%) committed,  1 nodes.
             Both:        1.02 GB reserved,      19.50 MB (  2%) committed. 

Chunk freelists:
   Non-Class:  2.55 MB
       Class:  1.77 MB
        Both:  4.31 MB

MaxMetaspaceSize: unlimited
CompressedClassSpaceSize: 1.00 GB
Initial GC threshold: 21.00 MB
Current GC threshold: 21.00 MB
CDS: off
MetaspaceReclaimPolicy: balanced
 - commit_granule_bytes: 65536.
 - commit_granule_words: 8192.
 - virtual_space_node_default_size: 1048576.
 - enlarge_chunks_in_place: 1.
 - new_chunks_are_fully_committed: 0.
 - uncommit_free_chunks: 1.
 - use_allocation_guard: 0.
 - handle_deallocations: 1.


Internal statistics:

num_allocs_failed_limit: 0.
num_arena_births: 148.
num_arena_deaths: 0.
num_vsnodes_births: 4.
num_vsnodes_deaths: 0.
num_space_committed: 312.
num_space_uncommitted: 0.
num_chunks_returned_to_freelist: 0.
num_chunks_taken_from_freelist: 371.
num_chunk_merges: 0.
num_chunk_splits: 227.
num_chunks_enlarged: 146.
num_purges: 0.
num_inconsistent_stats: 0.

CodeHeap 'non-profiled nmethods': size=120000Kb used=432Kb max_used=432Kb free=119567Kb
 bounds [0x0000019cba7a0000, 0x0000019cbaa10000, 0x0000019cc1cd0000]
CodeHeap 'profiled nmethods': size=120000Kb used=2194Kb max_used=2194Kb free=117805Kb
 bounds [0x0000019cb3270000, 0x0000019cb34e0000, 0x0000019cba7a0000]
CodeHeap 'non-nmethods': size=5760Kb used=1334Kb max_used=1348Kb free=4425Kb
 bounds [0x0000019cb2cd0000, 0x0000019cb2f40000, 0x0000019cb3270000]
 total_blobs=2120 nmethods=1453 adapters=580
 compilation: enabled
              stopped_count=0, restarted_count=0
 full_count=0

Compilation events (20 events):
Event: 2.774 Thread 0x0000019cc9d3e810 1443       3       java.lang.invoke.LambdaForm$NamedFunction::member (26 bytes)
Event: 2.775 Thread 0x0000019cc9d3e810 nmethod 1443 0x0000019cb348d710 code [0x0000019cb348d8a0, 0x0000019cb348d9b8]
Event: 2.775 Thread 0x0000019cc9d3e810 1444       3       java.lang.invoke.InvokerBytecodeGenerator::isStaticallyInvocable (165 bytes)
Event: 2.775 Thread 0x0000019cc9d1de50 1449       4       java.util.ImmutableCollections$ListN::size (6 bytes)
Event: 2.776 Thread 0x0000019cc9d1de50 nmethod 1449 0x0000019cba80ba90 code [0x0000019cba80bc00, 0x0000019cba80bc98]
Event: 2.776 Thread 0x0000019cc9d3e810 nmethod 1444 0x0000019cb348da90 code [0x0000019cb348dec0, 0x0000019cb348fb88]
Event: 2.776 Thread 0x0000019cc9d3e810 1445       3       java.lang.invoke.MemberName::isPrivate (8 bytes)
Event: 2.777 Thread 0x0000019cc9d3e810 nmethod 1445 0x0000019cb3490310 code [0x0000019cb34904a0, 0x0000019cb3490678]
Event: 2.777 Thread 0x0000019cc9d3e810 1446       3       java.lang.reflect.Modifier::isPrivate (12 bytes)
Event: 2.777 Thread 0x0000019cc9d3e810 nmethod 1446 0x0000019cb3490710 code [0x0000019cb34908a0, 0x0000019cb34909f8]
Event: 2.777 Thread 0x0000019cc9d3e810 1447       3       java.lang.invoke.InvokerBytecodeGenerator::emitStaticInvoke (258 bytes)
Event: 2.778 Thread 0x0000019cc9d3e810 nmethod 1447 0x0000019cb3490a90 code [0x0000019cb3490da0, 0x0000019cb3491d08]
Event: 2.778 Thread 0x0000019cc9d3e810 1448       3       java.lang.invoke.InvokerBytecodeGenerator::emitStoreInsn (21 bytes)
Event: 2.778 Thread 0x0000019cc9d3e810 nmethod 1448 0x0000019cb3492310 code [0x0000019cb34924c0, 0x0000019cb3492718]
Event: 2.778 Thread 0x0000019cc9d3e810 1451       3       java.lang.ClassLoader::postDefineClass (39 bytes)
Event: 2.778 Thread 0x0000019cc9d3e810 nmethod 1451 0x0000019cb3492890 code [0x0000019cb3492a80, 0x0000019cb3492d98]
Event: 2.778 Thread 0x0000019cc9d3e810 1450       3       java.lang.invoke.MethodHandle::intrinsicName (4 bytes)
Event: 2.778 Thread 0x0000019cc9d3e810 nmethod 1450 0x0000019cb3492f10 code [0x0000019cb34930a0, 0x0000019cb34931b8]
Event: 2.779 Thread 0x0000019cc9d3e810 1453       3       java.lang.ClassLoader::checkCerts (121 bytes)
Event: 2.780 Thread 0x0000019cc9d3e810 nmethod 1453 0x0000019cb3493290 code [0x0000019cb3493580, 0x0000019cb34943a8]

GC Heap History (2 events):
Event: 2.690 GC heap before
{Heap before GC invocations=0 (full 0):
 garbage-first heap   total 126976K, used 30720K [0x0000000084400000, 0x0000000100000000)
  region size 1024K, 23 young (23552K), 0 survivors (0K)
 Metaspace       used 18768K, committed 19008K, reserved 1073152K
  class space    used 1972K, committed 2112K, reserved 1048576K
}
Event: 2.698 GC heap after
{Heap after GC invocations=1 (full 0):
 garbage-first heap   total 126976K, used 10520K [0x0000000084400000, 0x0000000100000000)
  region size 1024K, 3 young (3072K), 3 survivors (3072K)
 Metaspace       used 18768K, committed 19008K, reserved 1073152K
  class space    used 1972K, committed 2112K, reserved 1048576K
}

Deoptimization events (20 events):
Event: 0.936 Thread 0x0000019cca1ce7b0 DEOPT PACKING pc=0x0000019cb33d0080 sp=0x000000210f9fd010
Event: 0.936 Thread 0x0000019cca1ce7b0 DEOPT UNPACKING pc=0x0000019cb2d26763 sp=0x000000210f9fc480 mode 0
Event: 0.937 Thread 0x0000019cca1ce7b0 DEOPT PACKING pc=0x0000019cb33d0080 sp=0x000000210f9fd010
Event: 0.937 Thread 0x0000019cca1ce7b0 DEOPT UNPACKING pc=0x0000019cb2d26763 sp=0x000000210f9fc480 mode 0
Event: 2.207 Thread 0x0000019cca1ce7b0 Uncommon trap: trap_request=0xffffffde fr.pc=0x0000019cba7fa1ac relative=0x000000000000010c
Event: 2.207 Thread 0x0000019cca1ce7b0 Uncommon trap: reason=class_check action=maybe_recompile pc=0x0000019cba7fa1ac method=jdk.internal.misc.Unsafe.allocateUninitializedArray(Ljava/lang/Class;I)Ljava/lang/Object; @ 51 c2
Event: 2.207 Thread 0x0000019cca1ce7b0 DEOPT PACKING pc=0x0000019cba7fa1ac sp=0x000000210f9fb140
Event: 2.207 Thread 0x0000019cca1ce7b0 DEOPT UNPACKING pc=0x0000019cb2d25c23 sp=0x000000210f9fb0c8 mode 2
Event: 2.208 Thread 0x0000019cca1ce7b0 Uncommon trap: trap_request=0xffffffde fr.pc=0x0000019cba7fa1ac relative=0x000000000000010c
Event: 2.208 Thread 0x0000019cca1ce7b0 Uncommon trap: reason=class_check action=maybe_recompile pc=0x0000019cba7fa1ac method=jdk.internal.misc.Unsafe.allocateUninitializedArray(Ljava/lang/Class;I)Ljava/lang/Object; @ 51 c2
Event: 2.208 Thread 0x0000019cca1ce7b0 DEOPT PACKING pc=0x0000019cba7fa1ac sp=0x000000210f9fcce0
Event: 2.208 Thread 0x0000019cca1ce7b0 DEOPT UNPACKING pc=0x0000019cb2d25c23 sp=0x000000210f9fcc68 mode 2
Event: 2.210 Thread 0x0000019cca1ce7b0 Uncommon trap: trap_request=0xffffffde fr.pc=0x0000019cba7fa1ac relative=0x000000000000010c
Event: 2.210 Thread 0x0000019cca1ce7b0 Uncommon trap: reason=class_check action=maybe_recompile pc=0x0000019cba7fa1ac method=jdk.internal.misc.Unsafe.allocateUninitializedArray(Ljava/lang/Class;I)Ljava/lang/Object; @ 51 c2
Event: 2.210 Thread 0x0000019cca1ce7b0 DEOPT PACKING pc=0x0000019cba7fa1ac sp=0x000000210f9fd400
Event: 2.210 Thread 0x0000019cca1ce7b0 DEOPT UNPACKING pc=0x0000019cb2d25c23 sp=0x000000210f9fd388 mode 2
Event: 2.211 Thread 0x0000019cca1ce7b0 Uncommon trap: trap_request=0xffffffde fr.pc=0x0000019cba7fa1ac relative=0x000000000000010c
Event: 2.211 Thread 0x0000019cca1ce7b0 Uncommon trap: reason=class_check action=maybe_recompile pc=0x0000019cba7fa1ac method=jdk.internal.misc.Unsafe.allocateUninitializedArray(Ljava/lang/Class;I)Ljava/lang/Object; @ 51 c2
Event: 2.211 Thread 0x0000019cca1ce7b0 DEOPT PACKING pc=0x0000019cba7fa1ac sp=0x000000210f9fd0f0
Event: 2.211 Thread 0x0000019cca1ce7b0 DEOPT UNPACKING pc=0x0000019cb2d25c23 sp=0x000000210f9fd078 mode 2

Classes unloaded (0 events):
No events

Classes redefined (0 events):
No events

Internal exceptions (20 events):
Event: 0.443 Thread 0x0000019caf5fdf30 Exception <a 'java/io/FileNotFoundException'{0x000000008b705fa8}> (0x000000008b705fa8) 
thrown [s\src\hotspot\share\prims\jni.cpp, line 516]
Event: 0.453 Thread 0x0000019caf5fdf30 Exception <a 'java/io/FileNotFoundException'{0x000000008b733048}> (0x000000008b733048) 
thrown [s\src\hotspot\share\prims\jni.cpp, line 516]
Event: 0.535 Thread 0x0000019caf5fdf30 Exception <a 'java/lang/NoSuchMethodError'{0x000000008b787578}: 'java.lang.Object java.lang.invoke.DirectMethodHandle$Holder.invokeStaticInit(java.lang.Object)'> (0x000000008b787578) 
thrown [s\src\hotspot\share\interpreter\linkResolver.cpp, line 759]
Event: 0.593 Thread 0x0000019caf5fdf30 Exception <a 'java/lang/NoSuchMethodError'{0x000000008b7cf8f0}: 'void java.lang.invoke.DirectMethodHandle$Holder.invokeSpecial(java.lang.Object, java.lang.Object, java.lang.Object)'> (0x000000008b7cf8f0) 
thrown [s\src\hotspot\share\interpreter\linkResolver.cpp, line 759]
Event: 0.603 Thread 0x0000019caf5fdf30 Exception <a 'java/lang/NoSuchMethodError'{0x000000008b60dfa0}: 'java.lang.Object java.lang.invoke.DirectMethodHandle$Holder.newInvokeSpecial(java.lang.Object, java.lang.Object, java.lang.Object, java.lang.Object, java.lang.Object)'> (0x000000008b60dfa0) 
thrown [s\src\hotspot\share\interpreter\linkResolver.cpp, line 759]
Event: 0.605 Thread 0x0000019caf5fdf30 Exception <a 'java/lang/NoSuchMethodError'{0x000000008b619968}: 'java.lang.Object java.lang.invoke.DirectMethodHandle$Holder.invokeStatic(java.lang.Object, int, java.lang.Object, java.lang.Object, java.lang.Object, java.lang.Object)'> (0x000000008b619968) 
thrown [s\src\hotspot\share\interpreter\linkResolver.cpp, line 759]
Event: 0.609 Thread 0x0000019caf5fdf30 Exception <a 'java/lang/NoSuchMethodError'{0x000000008b63f128}: 'java.lang.Object java.lang.invoke.DirectMethodHandle$Holder.invokeStatic(java.lang.Object, int, java.lang.Object)'> (0x000000008b63f128) 
thrown [s\src\hotspot\share\interpreter\linkResolver.cpp, line 759]
Event: 0.642 Thread 0x0000019caf5fdf30 Exception <a 'java/lang/ClassNotFoundException'{0x000000008b6f6760}: com/sun/swing/internal/plaf/metal/resources/spi/metalProvider> (0x000000008b6f6760) 
thrown [s\src\hotspot\share\classfile\systemDictionary.cpp, line 256]
Event: 0.643 Thread 0x0000019caf5fdf30 Exception <a 'java/lang/ClassNotFoundException'{0x000000008b6fa5b8}: com/sun/swing/internal/plaf/basic/resources/spi/basicProvider> (0x000000008b6fa5b8) 
thrown [s\src\hotspot\share\classfile\systemDictionary.cpp, line 256]
Event: 0.647 Thread 0x0000019caf5fdf30 Implicit null exception at 0x0000019cba7bd0be to 0x0000019cba7bde24
Event: 0.654 Thread 0x0000019caf5fdf30 Implicit null exception at 0x0000019cba7beb8f to 0x0000019cba7bec05
Event: 0.688 Thread 0x0000019cca4084f0 Exception <a 'java/lang/NoSuchMethodError'{0x000000008b7fb580}: 'void java.lang.invoke.DirectMethodHandle$Holder.invokeVirtual(java.lang.Object, java.lang.Object)'> (0x000000008b7fb580) 
thrown [s\src\hotspot\share\interpreter\linkResolver.cpp, line 759]
Event: 0.703 Thread 0x0000019caf5fdf30 Exception <a 'java/lang/NoSuchMethodError'{0x000000008b5c6a50}: 'void java.lang.invoke.DirectMethodHandle$Holder.invokeStaticInit(java.lang.Object)'> (0x000000008b5c6a50) 
thrown [s\src\hotspot\share\interpreter\linkResolver.cpp, line 759]
Event: 2.211 Thread 0x0000019cca1ce7b0 Exception <a 'java/lang/NoSuchMethodError'{0x000000008b2a7200}: 'void java.lang.invoke.DirectMethodHandle$Holder.invokeStatic(java.lang.Object, java.lang.Object, java.lang.Object)'> (0x000000008b2a7200) 
thrown [s\src\hotspot\share\interpreter\linkResolver.cpp, line 759]
Event: 2.379 Thread 0x0000019cca5d93b0 Exception <a 'java/lang/NoSuchMethodError'{0x000000008afbd330}: 'int java.lang.invoke.DirectMethodHandle$Holder.invokeStaticInit(java.lang.Object, java.lang.Object, java.lang.Object)'> (0x000000008afbd330) 
thrown [s\src\hotspot\share\interpreter\linkResolver.cpp, line 759]
Event: 2.381 Thread 0x0000019cca5d93b0 Exception <a 'java/lang/NoSuchMethodError'{0x000000008afc6858}: 'void java.lang.invoke.DirectMethodHandle$Holder.invokeStatic(java.lang.Object, java.lang.Object)'> (0x000000008afc6858) 
thrown [s\src\hotspot\share\interpreter\linkResolver.cpp, line 759]
Event: 2.408 Thread 0x0000019cca5d93b0 Exception <a 'java/lang/NoSuchMethodError'{0x000000008aef9090}: 'java.lang.Object java.lang.invoke.DirectMethodHandle$Holder.newInvokeSpecial(java.lang.Object, java.lang.Object, int, java.lang.Object)'> (0x000000008aef9090) 
thrown [s\src\hotspot\share\interpreter\linkResolver.cpp, line 759]
Event: 2.408 Thread 0x0000019cca5d93b0 Exception <a 'java/lang/NoSuchMethodError'{0x000000008aefd1c8}: 'java.lang.Object java.lang.invoke.DirectMethodHandle$Holder.invokeSpecial(java.lang.Object, java.lang.Object, java.lang.Object, int, java.lang.Object)'> (0x000000008aefd1c8) 
thrown [s\src\hotspot\share\interpreter\linkResolver.cpp, line 759]
Event: 2.519 Thread 0x0000019cca1ce7b0 Exception <a 'java/lang/NoSuchMethodError'{0x000000008abb95d0}: 'java.lang.Object java.lang.invoke.DirectMethodHandle$Holder.invokeStaticInit(java.lang.Object, java.lang.Object, java.lang.Object, java.lang.Object)'> (0x000000008abb95d0) 
thrown [s\src\hotspot\share\interpreter\linkResolver.cpp, line 759]
Event: 2.741 Thread 0x0000019cca5d9880 Exception <a 'java/lang/NullPointerException'{0x000000008bd3ff10}> (0x000000008bd3ff10) 
thrown [s\src\hotspot\share\interpreter\linkResolver.cpp, line 1350]

VM Operations (20 events):
Event: 0.206 Executing VM operation: HandshakeAllThreads
Event: 0.206 Executing VM operation: HandshakeAllThreads done
Event: 0.343 Executing VM operation: HandshakeAllThreads
Event: 0.343 Executing VM operation: HandshakeAllThreads done
Event: 0.652 Executing VM operation: HandshakeAllThreads
Event: 0.652 Executing VM operation: HandshakeAllThreads done
Event: 0.722 Executing VM operation: HandshakeAllThreads
Event: 0.722 Executing VM operation: HandshakeAllThreads done
Event: 0.818 Executing VM operation: HandshakeAllThreads
Event: 0.818 Executing VM operation: HandshakeAllThreads done
Event: 0.916 Executing VM operation: HandshakeAllThreads
Event: 0.916 Executing VM operation: HandshakeAllThreads done
Event: 1.919 Executing VM operation: Cleanup
Event: 1.920 Executing VM operation: Cleanup done
Event: 2.627 Executing VM operation: HandshakeAllThreads
Event: 2.627 Executing VM operation: HandshakeAllThreads done
Event: 2.684 Executing VM operation: HandshakeAllThreads
Event: 2.684 Executing VM operation: HandshakeAllThreads done
Event: 2.690 Executing VM operation: G1CollectForAllocation
Event: 2.698 Executing VM operation: G1CollectForAllocation done

Events (20 events):
Event: 2.688 loading class com/sun/xml/internal/stream/Entity done
Event: 2.688 loading class com/sun/xml/internal/stream/Entity$ScannedEntity done
Event: 2.688 loading class com/sun/xml/internal/stream/util/ThreadLocalBufferAllocator
Event: 2.688 loading class com/sun/xml/internal/stream/util/ThreadLocalBufferAllocator done
Event: 2.688 loading class com/sun/xml/internal/stream/util/BufferAllocator
Event: 2.689 loading class com/sun/xml/internal/stream/util/BufferAllocator done
Event: 2.689 loading class com/sun/org/apache/xerces/internal/util/XMLChar
Event: 2.690 loading class com/sun/org/apache/xerces/internal/util/XMLChar done
Event: 2.701 loading class com/sun/org/apache/xerces/internal/impl/XMLScanner$NameType
Event: 2.701 loading class com/sun/org/apache/xerces/internal/impl/XMLScanner$NameType done
Event: 2.756 loading class java/util/regex/Pattern$Loop
Event: 2.756 loading class java/util/regex/Pattern$Loop done
Event: 2.757 loading class java/util/regex/Pattern$Prolog
Event: 2.757 loading class java/util/regex/Pattern$Prolog done
Event: 2.778 loading class java/lang/reflect/TypeVariable
Event: 2.779 loading class java/lang/reflect/TypeVariable done
Event: 2.779 loading class java/lang/InstantiationException
Event: 2.779 loading class java/lang/InstantiationException done
Event: 2.779 loading class java/lang/reflect/AnnotatedType
Event: 2.779 loading class java/lang/reflect/AnnotatedType done


Dynamic libraries:
0x00007ff7515e0000 - 0x00007ff7515ee000 	F:\Programs\eclipse\plugins\org.eclipse.justj.openjdk.hotspot.jre.full.win32.x86_64_17.0.4.v20220903-1038\jre\bin\javaw.exe
0x00007ffea0b70000 - 0x00007ffea0d68000 	C:\Windows\SYSTEM32\ntdll.dll
0x00007ffea09f0000 - 0x00007ffea0aad000 	C:\Windows\System32\KERNEL32.DLL
0x00007ffe9e650000 - 0x00007ffe9e946000 	C:\Windows\System32\KERNELBASE.dll
0x00007ffe9e550000 - 0x00007ffe9e650000 	C:\Windows\System32\ucrtbase.dll
0x00007ffe97c40000 - 0x00007ffe97c59000 	F:\Programs\eclipse\plugins\org.eclipse.justj.openjdk.hotspot.jre.full.win32.x86_64_17.0.4.v20220903-1038\jre\bin\VCRUNTIME140.dll
0x00007ffe97c20000 - 0x00007ffe97c38000 	F:\Programs\eclipse\plugins\org.eclipse.justj.openjdk.hotspot.jre.full.win32.x86_64_17.0.4.v20220903-1038\jre\bin\jli.dll
0x00007ffea0180000 - 0x00007ffea031e000 	C:\Windows\System32\USER32.dll
0x00007ffe87e70000 - 0x00007ffe8810a000 	C:\Windows\WinSxS\amd64_microsoft.windows.common-controls_6595b64144ccf1df_6.0.19041.3636_none_60b6a03d71f818d5\COMCTL32.dll
0x00007ffe9e370000 - 0x00007ffe9e392000 	C:\Windows\System32\win32u.dll
0x00007ffea0320000 - 0x00007ffea034c000 	C:\Windows\System32\GDI32.dll
0x00007ffe9f7a0000 - 0x00007ffe9f83e000 	C:\Windows\System32\msvcrt.dll
0x00007ffe9e250000 - 0x00007ffe9e36a000 	C:\Windows\System32\gdi32full.dll
0x00007ffe9eb00000 - 0x00007ffe9eb9d000 	C:\Windows\System32\msvcp_win.dll
0x00007ffea0350000 - 0x00007ffea0380000 	C:\Windows\System32\IMM32.DLL
0x00007ffe984e0000 - 0x00007ffe984ec000 	F:\Programs\eclipse\plugins\org.eclipse.justj.openjdk.hotspot.jre.full.win32.x86_64_17.0.4.v20220903-1038\jre\bin\vcruntime140_1.dll
0x00007ffe81c90000 - 0x00007ffe81d21000 	F:\Programs\eclipse\plugins\org.eclipse.justj.openjdk.hotspot.jre.full.win32.x86_64_17.0.4.v20220903-1038\jre\bin\msvcp140.dll
0x00007ffe48b10000 - 0x00007ffe49756000 	F:\Programs\eclipse\plugins\org.eclipse.justj.openjdk.hotspot.jre.full.win32.x86_64_17.0.4.v20220903-1038\jre\bin\server\jvm.dll
0x00007ffea00c0000 - 0x00007ffea016f000 	C:\Windows\System32\ADVAPI32.dll
0x00007ffea0020000 - 0x00007ffea00bc000 	C:\Windows\System32\sechost.dll
0x00007ffe9ebd0000 - 0x00007ffe9ecf6000 	C:\Windows\System32\RPCRT4.dll
0x00007ffea09e0000 - 0x00007ffea09e8000 	C:\Windows\System32\PSAPI.DLL
0x00007ffe98500000 - 0x00007ffe98509000 	C:\Windows\SYSTEM32\WSOCK32.dll
0x00007ffe98050000 - 0x00007ffe9805a000 	C:\Windows\SYSTEM32\VERSION.dll
0x00007ffe91470000 - 0x00007ffe91497000 	C:\Windows\SYSTEM32\WINMM.dll
0x00007ffe9fb10000 - 0x00007ffe9fb7b000 	C:\Windows\System32\WS2_32.dll
0x00007ffe9ca60000 - 0x00007ffe9ca72000 	C:\Windows\SYSTEM32\kernel.appcore.dll
0x00007ffe85700000 - 0x00007ffe8570a000 	F:\Programs\eclipse\plugins\org.eclipse.justj.openjdk.hotspot.jre.full.win32.x86_64_17.0.4.v20220903-1038\jre\bin\jimage.dll
0x00007ffe9c760000 - 0x00007ffe9c944000 	C:\Windows\SYSTEM32\DBGHELP.DLL
0x00007ffe95ba0000 - 0x00007ffe95bd4000 	C:\Windows\SYSTEM32\dbgcore.DLL
0x00007ffe9e4c0000 - 0x00007ffe9e542000 	C:\Windows\System32\bcryptPrimitives.dll
0x00007ffe633f0000 - 0x00007ffe63415000 	F:\Programs\eclipse\plugins\org.eclipse.justj.openjdk.hotspot.jre.full.win32.x86_64_17.0.4.v20220903-1038\jre\bin\java.dll
0x00007ffe77e40000 - 0x00007ffe77e58000 	F:\Programs\eclipse\plugins\org.eclipse.justj.openjdk.hotspot.jre.full.win32.x86_64_17.0.4.v20220903-1038\jre\bin\zip.dll
0x00007ffe9ed00000 - 0x00007ffe9f445000 	C:\Windows\System32\SHELL32.dll
0x00007ffe9bfc0000 - 0x00007ffe9c75b000 	C:\Windows\SYSTEM32\windows.storage.dll
0x00007ffe9fc30000 - 0x00007ffe9ff84000 	C:\Windows\System32\combase.dll
0x00007ffe9dc90000 - 0x00007ffe9dcbd000 	C:\Windows\SYSTEM32\Wldp.dll
0x00007ffe9fb80000 - 0x00007ffe9fc2d000 	C:\Windows\System32\SHCORE.dll
0x00007ffe9f970000 - 0x00007ffe9f9c5000 	C:\Windows\System32\shlwapi.dll
0x00007ffe9e180000 - 0x00007ffe9e1a5000 	C:\Windows\SYSTEM32\profapi.dll
0x00007ffe6b950000 - 0x00007ffe6b969000 	F:\Programs\eclipse\plugins\org.eclipse.justj.openjdk.hotspot.jre.full.win32.x86_64_17.0.4.v20220903-1038\jre\bin\net.dll
0x00007ffe98e00000 - 0x00007ffe98f0a000 	C:\Windows\SYSTEM32\WINHTTP.dll
0x00007ffe9d9f0000 - 0x00007ffe9da5a000 	C:\Windows\system32\mswsock.dll
0x00007ffe633d0000 - 0x00007ffe633e5000 	F:\Programs\eclipse\plugins\org.eclipse.justj.openjdk.hotspot.jre.full.win32.x86_64_17.0.4.v20220903-1038\jre\bin\nio.dll
0x00007ffe66310000 - 0x00007ffe6649e000 	F:\Programs\eclipse\plugins\org.eclipse.justj.openjdk.hotspot.jre.full.win32.x86_64_17.0.4.v20220903-1038\jre\bin\awt.dll
0x00007ffe9f840000 - 0x00007ffe9f90d000 	C:\Windows\System32\OLEAUT32.dll
0x00007ffe9b650000 - 0x00007ffe9b6e0000 	C:\Windows\SYSTEM32\apphelp.dll
0x00007ffe9b930000 - 0x00007ffe9b95f000 	C:\Windows\system32\DWMAPI.DLL
0x00007ffe9b7b0000 - 0x00007ffe9b84e000 	C:\Windows\system32\uxtheme.dll
0x00007ffe77270000 - 0x00007ffe77395000 	C:\Windows\system32\opengl32.dll
0x00007ffe90210000 - 0x00007ffe9023c000 	C:\Windows\SYSTEM32\GLU32.dll
0x00007ffe9f680000 - 0x00007ffe9f794000 	C:\Windows\System32\MSCTF.dll
0x00007ffe9f9e0000 - 0x00007ffe9fb0b000 	C:\Windows\System32\ole32.dll
0x00007ffe781b0000 - 0x00007ffe78236000 	F:\Programs\eclipse\plugins\org.eclipse.justj.openjdk.hotspot.jre.full.win32.x86_64_17.0.4.v20220903-1038\jre\bin\freetype.dll
0x00007ffe78100000 - 0x00007ffe781a8000 	F:\Programs\eclipse\plugins\org.eclipse.justj.openjdk.hotspot.jre.full.win32.x86_64_17.0.4.v20220903-1038\jre\bin\fontmanager.dll
0x00007ffe83f90000 - 0x00007ffe84089000 	C:\Windows\SYSTEM32\textinputframework.dll
0x00007ffe9b0b0000 - 0x00007ffe9b40b000 	C:\Windows\System32\CoreUIComponents.dll
0x00007ffe9b550000 - 0x00007ffe9b642000 	C:\Windows\System32\CoreMessaging.dll
0x00007ffe9af50000 - 0x00007ffe9b0a5000 	C:\Windows\SYSTEM32\wintypes.dll
0x00007ffe9d3a0000 - 0x00007ffe9d3d3000 	C:\Windows\SYSTEM32\ntmarta.dll
0x0000019caf5d0000 - 0x0000019caf5d3000 	F:\Programs\javafx-sdk-21.0.1\bin\api-ms-win-core-console-l1-1-0.dll
0x0000019ccab40000 - 0x0000019ccab43000 	F:\Programs\javafx-sdk-21.0.1\bin\api-ms-win-core-console-l1-2-0.dll
0x0000019ccab50000 - 0x0000019ccab53000 	F:\Programs\javafx-sdk-21.0.1\bin\api-ms-win-core-datetime-l1-1-0.dll
0x0000019ccab60000 - 0x0000019ccab63000 	F:\Programs\javafx-sdk-21.0.1\bin\api-ms-win-core-debug-l1-1-0.dll
0x0000019ccab70000 - 0x0000019ccab73000 	F:\Programs\javafx-sdk-21.0.1\bin\api-ms-win-core-errorhandling-l1-1-0.dll
0x0000019ccab80000 - 0x0000019ccab84000 	F:\Programs\javafx-sdk-21.0.1\bin\api-ms-win-core-file-l1-1-0.dll
0x0000019ccab90000 - 0x0000019ccab93000 	F:\Programs\javafx-sdk-21.0.1\bin\api-ms-win-core-file-l1-2-0.dll
0x0000019ccaba0000 - 0x0000019ccaba3000 	F:\Programs\javafx-sdk-21.0.1\bin\api-ms-win-core-file-l2-1-0.dll
0x0000019ccabb0000 - 0x0000019ccabb3000 	F:\Programs\javafx-sdk-21.0.1\bin\api-ms-win-core-handle-l1-1-0.dll
0x0000019ccabc0000 - 0x0000019ccabc3000 	F:\Programs\javafx-sdk-21.0.1\bin\api-ms-win-core-heap-l1-1-0.dll
0x0000019ccabd0000 - 0x0000019ccabd3000 	F:\Programs\javafx-sdk-21.0.1\bin\api-ms-win-core-interlocked-l1-1-0.dll
0x0000019ccabe0000 - 0x0000019ccabe3000 	F:\Programs\javafx-sdk-21.0.1\bin\api-ms-win-core-libraryloader-l1-1-0.dll
0x0000019ccabf0000 - 0x0000019ccabf3000 	F:\Programs\javafx-sdk-21.0.1\bin\api-ms-win-core-localization-l1-2-0.dll
0x0000019cccf50000 - 0x0000019cccf53000 	F:\Programs\javafx-sdk-21.0.1\bin\api-ms-win-core-memory-l1-1-0.dll
0x0000019cccf60000 - 0x0000019cccf63000 	F:\Programs\javafx-sdk-21.0.1\bin\api-ms-win-core-namedpipe-l1-1-0.dll
0x0000019cccf70000 - 0x0000019cccf73000 	F:\Programs\javafx-sdk-21.0.1\bin\api-ms-win-core-processenvironment-l1-1-0.dll
0x0000019cccf80000 - 0x0000019cccf83000 	F:\Programs\javafx-sdk-21.0.1\bin\api-ms-win-core-processthreads-l1-1-0.dll
0x0000019cccf90000 - 0x0000019cccf93000 	F:\Programs\javafx-sdk-21.0.1\bin\api-ms-win-core-processthreads-l1-1-1.dll
0x0000019cccfa0000 - 0x0000019cccfa3000 	F:\Programs\javafx-sdk-21.0.1\bin\api-ms-win-core-profile-l1-1-0.dll
0x0000019cccfb0000 - 0x0000019cccfb3000 	F:\Programs\javafx-sdk-21.0.1\bin\api-ms-win-core-rtlsupport-l1-1-0.dll
0x0000019cccfc0000 - 0x0000019cccfc3000 	F:\Programs\javafx-sdk-21.0.1\bin\api-ms-win-core-string-l1-1-0.dll
0x0000019cccfd0000 - 0x0000019cccfd3000 	F:\Programs\javafx-sdk-21.0.1\bin\api-ms-win-core-synch-l1-1-0.dll
0x0000019cccfe0000 - 0x0000019cccfe3000 	F:\Programs\javafx-sdk-21.0.1\bin\api-ms-win-core-synch-l1-2-0.dll
0x0000019cccff0000 - 0x0000019cccff3000 	F:\Programs\javafx-sdk-21.0.1\bin\api-ms-win-core-sysinfo-l1-1-0.dll
0x0000019ccd000000 - 0x0000019ccd003000 	F:\Programs\javafx-sdk-21.0.1\bin\api-ms-win-core-timezone-l1-1-0.dll
0x0000019ccd010000 - 0x0000019ccd013000 	F:\Programs\javafx-sdk-21.0.1\bin\api-ms-win-core-util-l1-1-0.dll
0x0000019ccd020000 - 0x0000019ccd023000 	F:\Programs\javafx-sdk-21.0.1\bin\api-ms-win-crt-conio-l1-1-0.dll
0x0000019ccd030000 - 0x0000019ccd034000 	F:\Programs\javafx-sdk-21.0.1\bin\api-ms-win-crt-convert-l1-1-0.dll
0x0000019ccd040000 - 0x0000019ccd043000 	F:\Programs\javafx-sdk-21.0.1\bin\api-ms-win-crt-environment-l1-1-0.dll
0x0000019ccd050000 - 0x0000019ccd053000 	F:\Programs\javafx-sdk-21.0.1\bin\api-ms-win-crt-filesystem-l1-1-0.dll
0x0000019ccd060000 - 0x0000019ccd063000 	F:\Programs\javafx-sdk-21.0.1\bin\api-ms-win-crt-heap-l1-1-0.dll
0x0000019ccd070000 - 0x0000019ccd073000 	F:\Programs\javafx-sdk-21.0.1\bin\api-ms-win-crt-locale-l1-1-0.dll
0x0000019ccd080000 - 0x0000019ccd085000 	F:\Programs\javafx-sdk-21.0.1\bin\api-ms-win-crt-math-l1-1-0.dll
0x0000019ccd090000 - 0x0000019ccd095000 	F:\Programs\javafx-sdk-21.0.1\bin\api-ms-win-crt-multibyte-l1-1-0.dll
0x0000019ccd0a0000 - 0x0000019ccd0b0000 	F:\Programs\javafx-sdk-21.0.1\bin\api-ms-win-crt-private-l1-1-0.dll
0x0000019ccd0b0000 - 0x0000019ccd0b3000 	F:\Programs\javafx-sdk-21.0.1\bin\api-ms-win-crt-process-l1-1-0.dll
0x0000019ccd0c0000 - 0x0000019ccd0c4000 	F:\Programs\javafx-sdk-21.0.1\bin\api-ms-win-crt-runtime-l1-1-0.dll
0x0000019ccd0d0000 - 0x0000019ccd0d4000 	F:\Programs\javafx-sdk-21.0.1\bin\api-ms-win-crt-stdio-l1-1-0.dll
0x0000019ccd0e0000 - 0x0000019ccd0e4000 	F:\Programs\javafx-sdk-21.0.1\bin\api-ms-win-crt-string-l1-1-0.dll
0x0000019ccd0f0000 - 0x0000019ccd0f3000 	F:\Programs\javafx-sdk-21.0.1\bin\api-ms-win-crt-time-l1-1-0.dll
0x0000019ccd100000 - 0x0000019ccd103000 	F:\Programs\javafx-sdk-21.0.1\bin\api-ms-win-crt-utility-l1-1-0.dll
0x00007ffe6ba20000 - 0x00007ffe6bb1c000 	F:\Programs\javafx-sdk-21.0.1\bin\ucrtbase.dll
0x00007ffe98530000 - 0x00007ffe9854b000 	F:\Programs\javafx-sdk-21.0.1\bin\vcruntime140.dll
0x00007ffe988b0000 - 0x00007ffe988bc000 	F:\Programs\javafx-sdk-21.0.1\bin\vcruntime140_1.dll
0x00007ffe6b990000 - 0x00007ffe6ba1e000 	F:\Programs\javafx-sdk-21.0.1\bin\msvcp140.dll
0x00007ffe98750000 - 0x00007ffe98759000 	F:\Programs\javafx-sdk-21.0.1\bin\msvcp140_1.dll
0x00007ffe973b0000 - 0x00007ffe973df000 	F:\Programs\javafx-sdk-21.0.1\bin\msvcp140_2.dll
0x00007ffe74630000 - 0x00007ffe7465f000 	F:\Programs\javafx-sdk-21.0.1\bin\prism_d3d.dll
0x00007ffe284c0000 - 0x00007ffe2868d000 	C:\Windows\system32\d3d9.dll
0x00007ffe451c0000 - 0x00007ffe453ff000 	C:\Windows\System32\DriverStore\FileRepository\iigd_dch.inf_amd64_4a9d9eeb2942de89\igdumdim64.dll
0x00007ffe9eba0000 - 0x00007ffe9ebc7000 	C:\Windows\System32\bcrypt.dll
0x00007ffe7e940000 - 0x00007ffe7ed7b000 	C:\Windows\System32\DriverStore\FileRepository\iigd_dch.inf_amd64_4a9d9eeb2942de89\igdgmm64.dll
0x00007ffe70180000 - 0x00007ffe701c2000 	F:\Programs\javafx-sdk-21.0.1\bin\glass.dll
0x00007ffea0380000 - 0x00007ffea045a000 	C:\Windows\System32\COMDLG32.dll

dbghelp: loaded successfully - version: 4.0.5 - missing functions: none
symbol engine: initialized successfully - sym options: 0x614 - pdb path: .;F:\Programs\eclipse\plugins\org.eclipse.justj.openjdk.hotspot.jre.full.win32.x86_64_17.0.4.v20220903-1038\jre\bin;C:\Windows\SYSTEM32;C:\Windows\WinSxS\amd64_microsoft.windows.common-controls_6595b64144ccf1df_6.0.19041.3636_none_60b6a03d71f818d5;F:\Programs\eclipse\plugins\org.eclipse.justj.openjdk.hotspot.jre.full.win32.x86_64_17.0.4.v20220903-1038\jre\bin\server;F:\Programs\javafx-sdk-21.0.1\bin;C:\Windows\System32\DriverStore\FileRepository\iigd_dch.inf_amd64_4a9d9eeb2942de89

VM Arguments:
jvm_args: --module-path=F:\Programs\javafx-sdk-21.0.1\lib --add-modules=javafx.base,javafx.controls,javafx.fxml,javafx.graphics,javafx.media,javafx.swing -Dfile.encoding=UTF-8 -XX:+ShowCodeDetailsInExceptionMessages 
java_command: hust.soict.globalict.aims.screen.StoreScreen
java_class_path (initial): F:\Programs\eclipse\workspace\IT3103-732871-2023.1-20214980.HoangToAn\Lab2\bin;F:\Programs\javafx-sdk-21.0.1\lib\javafx.base.jar;F:\Programs\javafx-sdk-21.0.1\lib\javafx.controls.jar;F:\Programs\javafx-sdk-21.0.1\lib\javafx.fxml.jar;F:\Programs\javafx-sdk-21.0.1\lib\javafx.graphics.jar;F:\Programs\javafx-sdk-21.0.1\lib\javafx.media.jar;F:\Programs\javafx-sdk-21.0.1\lib\javafx.swing.jar;F:\Programs\javafx-sdk-21.0.1\lib\javafx.web.jar;F:\Programs\javafx-sdk-21.0.1\lib\javafx-swt.jar
Launcher Type: SUN_STANDARD

[Global flags]
     intx CICompilerCount                          = 4                                         {product} {ergonomic}
     uint ConcGCThreads                            = 2                                         {product} {ergonomic}
     uint G1ConcRefinementThreads                  = 8                                         {product} {ergonomic}
   size_t G1HeapRegionSize                         = 1048576                                   {product} {ergonomic}
    uintx GCDrainStackTargetSize                   = 64                                        {product} {ergonomic}
   size_t InitialHeapSize                          = 130023424                                 {product} {ergonomic}
   size_t MarkStackSize                            = 4194304                                   {product} {ergonomic}
   size_t MaxHeapSize                              = 2076180480                                {product} {ergonomic}
   size_t MaxNewSize                               = 1245708288                                {product} {ergonomic}
   size_t MinHeapDeltaBytes                        = 1048576                                   {product} {ergonomic}
   size_t MinHeapSize                              = 8388608                                   {product} {ergonomic}
    uintx NonNMethodCodeHeapSize                   = 5839372                                {pd product} {ergonomic}
    uintx NonProfiledCodeHeapSize                  = 122909434                              {pd product} {ergonomic}
    uintx ProfiledCodeHeapSize                     = 122909434                              {pd product} {ergonomic}
    uintx ReservedCodeCacheSize                    = 251658240                              {pd product} {ergonomic}
     bool SegmentedCodeCache                       = true                                      {product} {ergonomic}
     bool ShowCodeDetailsInExceptionMessages       = true                                   {manageable} {command line}
   size_t SoftMaxHeapSize                          = 2076180480                             {manageable} {ergonomic}
     bool UseCompressedClassPointers               = true                           {product lp64_product} {ergonomic}
     bool UseCompressedOops                        = true                           {product lp64_product} {ergonomic}
     bool UseG1GC                                  = true                                      {product} {ergonomic}
     bool UseLargePagesIndividualAllocation        = false                                  {pd product} {ergonomic}

Logging:
Log output configuration:
 #0: stdout all=warning uptime,level,tags
 #1: stderr all=off uptime,level,tags

Environment Variables:
PATH=F:/Programs/eclipse//plugins/org.eclipse.justj.openjdk.hotspot.jre.full.win32.x86_64_17.0.4.v20220903-1038/jre/bin/server;F:/Programs/eclipse//plugins/org.eclipse.justj.openjdk.hotspot.jre.full.win32.x86_64_17.0.4.v20220903-1038/jre/bin;C:\Program Files (x86)\Common Files\Oracle\Java\javapath;C:\Windows\system32;C:\Windows;C:\Windows\System32\Wbem;C:\Windows\System32\WindowsPowerShell\v1.0\;C:\Windows\System32\OpenSSH\;C:\Program Files\NVIDIA Corporation\NVIDIA NvDLISR;C:\Program Files\dotnet\;F:\Programs\Git\cmd;F:\Programs\PuTTY\;C:\Users\Admin\AppData\Local\Microsoft\WindowsApps;F:\Programs\Graphviz\bin;F:\Programs\eclipse;
USERNAME=Admin
OS=Windows_NT
PROCESSOR_IDENTIFIER=Intel64 Family 6 Model 140 Stepping 1, GenuineIntel
TMP=C:\Users\Admin\AppData\Local\Temp
TEMP=C:\Users\Admin\AppData\Local\Temp



---------------  S Y S T E M  ---------------

OS:
 Windows 10 , 64 bit Build 19041 (10.0.19041.3636)
OS uptime: 7 days 2:44 hours
Hyper-V role detected

CPU: total 8 (initial active 8) (4 cores per cpu, 2 threads per core) family 6 model 140 stepping 1 microcode 0xb4, cx8, cmov, fxsr, ht, mmx, 3dnowpref, sse, sse2, sse3, ssse3, sse4.1, sse4.2, popcnt, lzcnt, tsc, tscinvbit, avx, avx2, aes, erms, clmul, bmi1, bmi2, adx, avx512f, avx512dq, avx512cd, avx512bw, avx512vl, sha, fma, vzeroupper, avx512_vpopcntdq, avx512_vpclmulqdq, avx512_vaes, avx512_vnni, clflush, clflushopt, clwb, avx512_vbmi2, avx512_vbmi, hv

Memory: 4k page, system-wide physical 7914M (622M free)
TotalPageFile size 18286M (AvailPageFile size 1M)
current process WorkingSet (physical memory assigned to process): 110M, peak: 110M
current process commit charge ("private bytes"): 237M, peak: 240M

vm_info: OpenJDK 64-Bit Server VM (17.0.4.1+1) for windows-amd64 JRE (17.0.4.1+1), built on Aug 17 2022 07:42:43 by "temurin" with MS VC++ 16.7 (VS2019)

END.
